2018/10/19 00:00:16.229 [I]  交易成功
2018/10/19 00:00:59.764 [I]  OKexSymbols:map[],HuobiSymbols:map[]
2018/10/19 00:00:59.764 [I]  init Accounts success
2018/10/19 00:00:59.764 [D]  init conf succ
2018/10/19 00:01:10.774 [E]  http.Get failed for OKex err: Get https://www.okex.com/api/v1/depth.do?symbol=eth_usdt: net/http: TLS handshake timeout
2018/10/19 00:01:19.379 [I]  交易成功
2018/10/19 00:01:20.022 [I]  交易成功
2018/10/19 00:01:22.760 [I]  交易成功
2018/10/19 00:01:23.402 [I]  交易成功
2018/10/19 00:01:23.991 [I]  交易成功
2018/10/19 00:01:24.439 [I]  交易成功
2018/10/19 00:01:25.144 [I]  交易成功
2018/10/19 00:01:25.771 [I]  交易成功
2018/10/19 00:01:26.269 [I]  交易成功
2018/10/19 00:01:33.660 [I]  交易成功
2018/10/19 00:01:35.093 [I]  交易成功
2018/10/19 00:01:36.592 [I]  交易成功
2018/10/19 00:01:37.861 [I]  交易成功
2018/10/19 00:01:43.780 [I]  交易成功
2018/10/19 00:01:44.254 [I]  交易成功
2018/10/19 00:01:46.388 [I]  交易成功
2018/10/19 00:01:48.110 [I]  交易成功
2018/10/19 00:01:49.966 [I]  交易成功
2018/10/19 00:01:50.468 [I]  交易成功
2018/10/19 00:01:51.334 [I]  交易成功
2018/10/19 00:01:54.296 [I]  交易成功
2018/10/19 00:01:54.762 [I]  交易成功
2018/10/19 00:01:56.681 [I]  交易成功
2018/10/19 00:01:57.420 [I]  交易成功
2018/10/19 00:01:57.872 [I]  交易成功
2018/10/19 00:01:58.369 [I]  交易成功
2018/10/19 00:02:00.688 [I]  交易成功
2018/10/19 00:02:04.494 [I]  交易成功
2018/10/19 00:02:04.979 [I]  交易成功
2018/10/19 00:02:05.591 [I]  交易成功
2018/10/19 00:02:07.151 [I]  交易成功
2018/10/19 00:02:07.616 [I]  交易成功
2018/10/19 00:02:10.415 [I]  交易成功
2018/10/19 00:02:11.118 [I]  交易成功
2018/10/19 00:02:11.584 [I]  交易成功
2018/10/19 00:02:14.128 [I]  交易成功
2018/10/19 00:02:14.806 [I]  交易成功
2018/10/19 00:02:16.033 [I]  交易成功
2018/10/19 00:02:16.648 [I]  交易成功
2018/10/19 00:02:17.135 [I]  交易成功
2018/10/19 00:02:17.620 [I]  交易成功
2018/10/19 00:02:23.408 [I]  交易成功
2018/10/19 00:02:26.043 [I]  交易成功
2018/10/19 00:02:26.767 [I]  交易成功
2018/10/19 00:02:28.324 [I]  交易成功
2018/10/19 00:02:29.007 [I]  交易成功
2018/10/19 00:02:29.673 [I]  交易成功
2018/10/19 00:02:33.254 [I]  交易成功
2018/10/19 00:02:34.338 [I]  交易成功
2018/10/19 09:02:35.593 [I]  OKexSymbols:map[],HuobiSymbols:map[]
2018/10/19 09:02:35.593 [I]  init Accounts success
2018/10/19 09:02:35.593 [D]  init conf succ
2018/10/19 09:02:39.096 [I]  交易成功
2018/10/19 09:02:39.341 [I]  交易成功
2018/10/19 09:02:39.571 [I]  交易成功
2018/10/19 09:02:39.821 [I]  交易成功
2018/10/19 09:02:40.048 [I]  交易成功
2018/10/19 09:02:40.280 [I]  交易成功
2018/10/19 09:02:41.021 [I]  交易成功
2018/10/19 09:02:41.247 [I]  交易成功
2018/10/19 09:02:41.475 [I]  交易成功
2018/10/19 09:02:41.706 [I]  交易成功
2018/10/19 09:02:42.364 [I]  交易成功
2018/10/19 09:02:42.594 [I]  交易成功
2018/10/19 09:02:42.853 [I]  交易成功
2018/10/19 09:02:43.080 [I]  交易成功
2018/10/19 09:02:43.307 [I]  交易成功
2018/10/19 09:02:44.109 [I]  交易成功
2018/10/19 09:02:44.339 [I]  交易成功
2018/10/19 09:02:44.568 [I]  交易成功
2018/10/19 09:02:45.072 [I]  交易成功
2018/10/19 09:02:45.298 [I]  交易成功
2018/10/19 09:02:45.521 [I]  交易成功
2018/10/19 09:02:45.754 [I]  交易成功
2018/10/19 09:02:45.995 [I]  交易成功
2018/10/19 09:02:46.233 [I]  交易成功
2018/10/19 09:02:46.731 [I]  交易成功
2018/10/19 09:02:46.960 [I]  交易成功
2018/10/19 09:02:47.196 [I]  交易成功
2018/10/19 09:02:47.415 [I]  交易成功
2018/10/19 09:02:47.638 [I]  交易成功
2018/10/19 09:02:47.870 [I]  交易成功
2018/10/19 09:02:48.099 [I]  交易成功
2018/10/19 09:02:48.326 [I]  交易成功
2018/10/19 09:02:48.554 [I]  交易成功
2018/10/19 09:02:48.780 [I]  交易成功
2018/10/19 09:02:49.009 [I]  交易成功
2018/10/19 09:02:49.243 [I]  交易成功
2018/10/19 09:02:49.470 [I]  交易成功
2018/10/19 09:02:49.704 [I]  交易成功
2018/10/19 09:02:49.932 [I]  交易成功
2018/10/19 09:02:50.160 [I]  交易成功
2018/10/19 09:02:50.381 [I]  交易成功
2018/10/19 09:02:50.613 [I]  交易成功
2018/10/19 09:02:50.831 [I]  交易成功
2018/10/19 09:02:51.071 [I]  交易成功
2018/10/19 09:02:51.292 [I]  交易成功
2018/10/19 09:02:51.512 [I]  交易成功
2018/10/19 09:02:51.745 [I]  交易成功
2018/10/19 09:02:51.991 [I]  交易成功
2018/10/19 09:02:52.228 [I]  交易成功
2018/10/19 09:02:52.455 [I]  交易成功
2018/10/19 09:02:52.681 [I]  交易成功
2018/10/19 09:02:52.916 [I]  交易成功
2018/10/19 09:02:53.169 [I]  交易成功
2018/10/19 09:02:53.391 [I]  交易成功
2018/10/19 09:02:53.623 [I]  交易成功
2018/10/19 09:02:54.133 [I]  交易成功
2018/10/19 09:02:54.374 [I]  交易成功
2018/10/19 09:02:54.603 [I]  交易成功
2018/10/19 09:02:54.867 [I]  交易成功
2018/10/19 09:02:55.139 [I]  交易成功
2018/10/19 09:02:55.367 [I]  交易成功
2018/10/19 09:02:55.616 [I]  交易成功
2018/10/19 09:02:55.856 [I]  交易成功
2018/10/19 09:02:56.358 [I]  交易成功
2018/10/19 09:02:56.593 [I]  交易成功
2018/10/19 09:02:56.816 [I]  交易成功
2018/10/19 09:02:57.553 [I]  交易成功
2018/10/19 09:02:57.781 [I]  交易成功
2018/10/19 09:02:58.011 [I]  交易成功
2018/10/19 09:02:58.229 [I]  交易成功
2018/10/19 09:02:58.448 [I]  交易成功
2018/10/19 09:02:58.684 [I]  交易成功
2018/10/19 09:02:58.957 [I]  交易成功
2018/10/19 09:02:59.196 [I]  交易成功
2018/10/19 09:02:59.428 [I]  交易成功
2018/10/19 09:02:59.649 [I]  交易成功
2018/10/19 09:02:59.880 [I]  交易成功
2018/10/19 09:03:00.106 [I]  交易成功
2018/10/19 09:03:00.581 [I]  交易成功
2018/10/19 09:03:00.808 [I]  交易成功
2018/10/19 09:03:01.037 [I]  交易成功
2018/10/19 09:03:01.537 [I]  交易成功
2018/10/19 09:03:01.775 [I]  交易成功
2018/10/19 09:03:02.247 [I]  交易成功
2018/10/19 09:03:02.500 [I]  交易成功
2018/10/19 09:03:02.730 [I]  交易成功
2018/10/19 09:03:03.147 [I]  交易成功
2018/10/19 09:03:03.377 [I]  交易成功
2018/10/19 09:03:03.603 [I]  交易成功
2018/10/19 09:03:03.827 [I]  交易成功
2018/10/19 09:03:04.054 [I]  交易成功
2018/10/19 09:03:04.566 [I]  交易成功
2018/10/19 09:03:04.792 [I]  交易成功
2018/10/19 09:03:05.017 [I]  交易成功
2018/10/19 09:03:05.272 [I]  交易成功
2018/10/19 09:03:05.509 [I]  交易成功
2018/10/19 09:03:05.865 [I]  交易成功
2018/10/19 09:03:06.688 [I]  交易成功
2018/10/19 09:03:07.582 [I]  交易成功
2018/10/19 09:03:08.656 [I]  交易成功
2018/10/19 09:03:08.868 [I]  交易成功
2018/10/19 09:03:09.078 [I]  交易成功
2018/10/19 09:03:09.333 [I]  交易成功
2018/10/19 09:03:09.572 [I]  交易成功
2018/10/19 09:03:10.161 [I]  交易成功
2018/10/19 09:03:10.386 [I]  交易成功
2018/10/19 09:03:10.603 [I]  交易成功
2018/10/19 09:03:10.818 [I]  交易成功
2018/10/19 09:03:11.378 [I]  交易成功
2018/10/19 09:03:11.583 [I]  交易成功
2018/10/19 09:03:11.787 [I]  交易成功
2018/10/19 09:03:12.021 [I]  交易成功
2018/10/19 09:03:12.231 [I]  交易成功
2018/10/19 09:03:12.441 [I]  交易成功
2018/10/19 09:03:12.671 [I]  交易成功
2018/10/19 09:03:13.186 [I]  交易成功
2018/10/19 09:03:13.448 [I]  交易成功
2018/10/19 09:03:13.660 [I]  交易成功
2018/10/19 09:03:13.871 [I]  交易成功
2018/10/19 09:03:14.089 [I]  交易成功
2018/10/19 09:03:14.314 [I]  交易成功
2018/10/19 09:03:14.537 [I]  交易成功
2018/10/19 09:03:15.059 [I]  交易成功
2018/10/19 09:03:15.273 [I]  交易成功
2018/10/19 09:03:15.495 [I]  交易成功
2018/10/19 09:03:15.698 [I]  交易成功
2018/10/19 09:03:15.921 [I]  交易成功
2018/10/19 09:03:16.126 [I]  交易成功
2018/10/19 09:03:16.342 [I]  交易成功
2018/10/19 09:03:16.559 [I]  交易成功
2018/10/19 09:03:16.766 [I]  交易成功
2018/10/19 09:03:16.982 [I]  交易成功
2018/10/19 09:03:17.187 [I]  交易成功
2018/10/19 09:03:17.400 [I]  交易成功
2018/10/19 09:03:17.606 [I]  交易成功
2018/10/19 09:03:17.828 [I]  交易成功
2018/10/19 09:03:18.042 [I]  交易成功
2018/10/19 09:03:18.263 [I]  交易成功
2018/10/19 09:03:18.471 [I]  交易成功
2018/10/19 09:03:18.671 [I]  交易成功
2018/10/19 09:03:18.901 [I]  交易成功
2018/10/19 09:03:19.114 [I]  交易成功
2018/10/19 09:03:19.320 [I]  交易成功
2018/10/19 09:03:19.538 [I]  交易成功
2018/10/19 09:03:19.991 [I]  交易成功
2018/10/19 09:03:20.223 [I]  交易成功
2018/10/19 09:03:20.450 [I]  交易成功
2018/10/19 09:03:20.662 [I]  交易成功
2018/10/19 09:03:20.876 [I]  交易成功
2018/10/19 09:03:21.079 [I]  交易成功
2018/10/19 09:03:21.292 [I]  交易成功
2018/10/19 09:03:21.501 [I]  交易成功
2018/10/19 09:03:21.706 [I]  交易成功
2018/10/19 09:03:21.912 [I]  交易成功
2018/10/19 09:03:22.164 [I]  交易成功
2018/10/19 09:03:22.401 [I]  交易成功
2018/10/19 09:03:22.615 [I]  交易成功
2018/10/19 09:03:22.829 [I]  交易成功
2018/10/19 09:03:23.046 [I]  交易成功
2018/10/19 09:03:23.270 [I]  交易成功
2018/10/19 09:03:23.485 [I]  交易成功
2018/10/19 09:03:23.950 [I]  交易成功
2018/10/19 09:03:24.185 [I]  交易成功
2018/10/19 09:03:24.667 [I]  交易成功
2018/10/19 09:03:24.879 [I]  交易成功
2018/10/19 09:03:25.372 [I]  交易成功
2018/10/19 09:03:25.586 [I]  交易成功
2018/10/19 09:03:25.814 [I]  交易成功
2018/10/19 09:03:26.026 [I]  交易成功
2018/10/19 09:03:26.231 [I]  交易成功
2018/10/19 09:03:26.698 [I]  交易成功
2018/10/19 09:03:26.914 [I]  交易成功
2018/10/19 09:03:27.123 [I]  交易成功
2018/10/19 09:03:27.334 [I]  交易成功
2018/10/19 09:03:27.536 [I]  交易成功
2018/10/19 09:03:27.742 [I]  交易成功
2018/10/19 09:03:27.948 [I]  交易成功
2018/10/19 09:03:28.400 [I]  交易成功
2018/10/19 09:03:28.609 [I]  交易成功
2018/10/19 09:03:28.820 [I]  交易成功
2018/10/19 09:03:29.029 [I]  交易成功
2018/10/19 09:03:29.244 [I]  交易成功
2018/10/19 09:03:29.460 [I]  交易成功
2018/10/19 09:03:29.670 [I]  交易成功
2018/10/19 09:03:29.885 [I]  交易成功
2018/10/19 09:03:30.092 [I]  交易成功
2018/10/19 09:03:30.322 [I]  交易成功
2018/10/19 09:03:30.901 [I]  交易成功
2018/10/19 09:03:31.123 [I]  交易成功
2018/10/19 09:03:31.329 [I]  交易成功
2018/10/19 09:03:31.536 [I]  交易成功
2018/10/19 09:03:31.745 [I]  交易成功
2018/10/19 09:03:31.955 [I]  交易成功
2018/10/19 09:03:32.164 [I]  交易成功
2018/10/19 09:03:32.376 [I]  交易成功
2018/10/19 09:03:32.827 [I]  交易成功
2018/10/19 09:03:33.042 [I]  交易成功
2018/10/19 09:03:33.250 [I]  交易成功
2018/10/19 09:03:33.457 [I]  交易成功
2018/10/19 09:03:33.678 [I]  交易成功
2018/10/19 09:03:34.171 [I]  交易成功
2018/10/19 09:03:34.374 [I]  交易成功
2018/10/19 09:03:34.579 [I]  交易成功
2018/10/19 09:03:35.295 [I]  交易成功
2018/10/19 09:03:35.754 [I]  交易成功
2018/10/19 09:03:35.979 [I]  交易成功
2018/10/19 09:03:36.188 [I]  交易成功
2018/10/19 09:03:36.907 [I]  交易成功
2018/10/19 09:03:37.114 [I]  交易成功
2018/10/19 09:03:37.582 [I]  交易成功
2018/10/19 09:03:37.796 [I]  交易成功
2018/10/19 09:03:38.017 [I]  交易成功
2018/10/19 09:03:38.228 [I]  交易成功
2018/10/19 09:03:38.442 [I]  交易成功
2018/10/19 09:03:38.648 [I]  交易成功
2018/10/19 09:03:38.860 [I]  交易成功
2018/10/19 09:03:39.100 [I]  交易成功
2018/10/19 09:03:39.574 [I]  交易成功
2018/10/19 09:03:39.802 [I]  交易成功
2018/10/19 09:03:40.021 [I]  交易成功
2018/10/19 09:03:40.250 [I]  交易成功
2018/10/19 09:03:40.493 [I]  交易成功
2018/10/19 09:03:40.704 [I]  交易成功
2018/10/19 09:03:40.912 [I]  交易成功
2018/10/19 09:03:41.414 [I]  交易成功
2018/10/19 09:03:41.630 [I]  交易成功
2018/10/19 09:03:41.865 [I]  交易成功
2018/10/19 09:03:42.077 [I]  交易成功
2018/10/19 09:03:42.294 [I]  交易成功
2018/10/19 09:03:42.507 [I]  交易成功
2018/10/19 09:03:42.715 [I]  交易成功
2018/10/19 09:03:42.926 [I]  交易成功
2018/10/19 09:03:43.137 [I]  交易成功
2018/10/19 09:03:43.348 [I]  交易成功
2018/10/19 09:03:43.562 [I]  交易成功
2018/10/19 09:03:43.773 [I]  交易成功
2018/10/19 09:03:44.005 [I]  交易成功
2018/10/19 09:03:44.209 [I]  交易成功
2018/10/19 09:03:44.412 [I]  交易成功
2018/10/19 09:03:44.995 [I]  交易成功
2018/10/19 09:03:45.215 [I]  交易成功
2018/10/19 09:03:45.431 [I]  交易成功
2018/10/19 09:03:45.907 [I]  交易成功
2018/10/19 09:03:46.398 [I]  交易成功
2018/10/19 09:03:46.604 [I]  交易成功
2018/10/19 09:03:46.814 [I]  交易成功
2018/10/19 09:03:47.032 [I]  交易成功
2018/10/19 09:03:47.246 [I]  交易成功
2018/10/19 09:03:47.456 [I]  交易成功
2018/10/19 09:03:47.664 [I]  交易成功
2018/10/19 09:03:48.124 [I]  交易成功
2018/10/19 09:03:48.326 [I]  交易成功
2018/10/19 09:03:48.543 [I]  交易成功
2018/10/19 09:03:48.800 [I]  交易成功
2018/10/19 09:03:49.274 [I]  交易成功
2018/10/19 09:03:49.495 [I]  交易成功
2018/10/19 09:03:49.703 [I]  交易成功
2018/10/19 09:03:49.910 [I]  交易成功
2018/10/19 09:03:50.118 [I]  交易成功
2018/10/19 09:03:50.575 [I]  交易成功
2018/10/19 09:03:50.783 [I]  交易成功
2018/10/19 09:03:50.985 [I]  交易成功
2018/10/19 09:03:51.431 [I]  交易成功
2018/10/19 09:03:51.637 [I]  交易成功
2018/10/19 09:03:51.839 [I]  交易成功
2018/10/19 09:03:52.049 [I]  交易成功
2018/10/19 09:03:52.260 [I]  交易成功
2018/10/19 09:03:52.496 [I]  交易成功
2018/10/19 09:03:52.705 [I]  交易成功
2018/10/19 09:03:52.911 [I]  交易成功
2018/10/19 09:03:53.115 [I]  交易成功
2018/10/19 09:03:53.323 [I]  交易成功
2018/10/19 09:03:53.527 [I]  交易成功
2018/10/19 09:03:53.742 [I]  交易成功
2018/10/19 09:03:53.947 [I]  交易成功
2018/10/19 09:03:54.162 [I]  交易成功
2018/10/19 09:03:54.364 [I]  交易成功
2018/10/19 09:03:54.579 [I]  交易成功
2018/10/19 09:03:54.781 [I]  交易成功
2018/10/19 09:03:55.002 [I]  交易成功
2018/10/19 09:03:55.205 [I]  交易成功
2018/10/19 09:03:55.414 [I]  交易成功
2018/10/19 09:03:55.620 [I]  交易成功
2018/10/19 09:03:55.830 [I]  交易成功
2018/10/19 09:03:56.039 [I]  交易成功
2018/10/19 09:03:56.258 [I]  交易成功
2018/10/19 09:03:56.468 [I]  交易成功
2018/10/19 09:03:56.705 [I]  交易成功
2018/10/19 09:03:56.919 [I]  交易成功
2018/10/19 09:03:57.136 [I]  交易成功
2018/10/19 09:03:57.337 [I]  交易成功
2018/10/19 09:03:57.567 [I]  交易成功
2018/10/19 09:03:57.798 [I]  交易成功
2018/10/19 09:03:58.005 [I]  交易成功
2018/10/19 09:03:58.211 [I]  交易成功
2018/10/19 09:03:58.670 [I]  交易成功
2018/10/19 09:03:59.128 [I]  交易成功
2018/10/19 09:03:59.345 [I]  交易成功
2018/10/19 09:03:59.550 [I]  交易成功
2018/10/19 09:03:59.778 [I]  交易成功
2018/10/19 09:03:59.997 [I]  交易成功
2018/10/19 09:04:00.216 [I]  交易成功
2018/10/19 09:04:00.434 [I]  交易成功
2018/10/19 09:04:00.641 [I]  交易成功
2018/10/19 09:04:00.843 [I]  交易成功
2018/10/19 09:04:01.070 [I]  交易成功
2018/10/19 09:04:01.278 [I]  交易成功
2018/10/19 09:04:01.735 [I]  交易成功
2018/10/19 09:04:01.942 [I]  交易成功
2018/10/19 09:04:02.150 [I]  交易成功
2018/10/19 09:04:02.360 [I]  交易成功
2018/10/19 09:04:02.813 [I]  交易成功
2018/10/19 09:04:03.055 [I]  交易成功
2018/10/19 09:04:03.279 [I]  交易成功
2018/10/19 09:04:03.743 [I]  交易成功
2018/10/19 09:04:03.952 [I]  交易成功
2018/10/19 09:04:04.170 [I]  交易成功
2018/10/19 09:04:04.385 [I]  交易成功
2018/10/19 09:04:04.590 [I]  交易成功
2018/10/19 09:04:04.801 [I]  交易成功
2018/10/19 09:04:05.014 [I]  交易成功
2018/10/19 09:04:05.220 [I]  交易成功
2018/10/19 09:04:05.429 [I]  交易成功
2018/10/19 09:04:05.629 [I]  交易成功
2018/10/19 09:04:05.831 [I]  交易成功
2018/10/19 09:04:06.046 [I]  交易成功
2018/10/19 09:04:06.252 [I]  交易成功
2018/10/19 09:04:06.461 [I]  交易成功
2018/10/19 09:04:06.664 [I]  交易成功
2018/10/19 09:04:06.878 [I]  交易成功
2018/10/19 09:04:07.087 [I]  交易成功
2018/10/19 09:04:07.310 [I]  交易成功
2018/10/19 09:04:07.517 [I]  交易成功
2018/10/19 09:04:07.743 [I]  交易成功
2018/10/19 09:04:07.962 [I]  交易成功
2018/10/19 09:04:08.169 [I]  交易成功
2018/10/19 09:04:08.372 [I]  交易成功
2018/10/19 09:04:08.583 [I]  交易成功
2018/10/19 09:04:08.803 [I]  交易成功
2018/10/19 09:04:09.025 [I]  交易成功
2018/10/19 09:04:09.253 [I]  交易成功
2018/10/19 09:04:09.457 [I]  交易成功
2018/10/19 09:04:09.665 [I]  交易成功
2018/10/19 09:04:09.892 [I]  交易成功
2018/10/19 09:04:10.096 [I]  交易成功
2018/10/19 09:04:10.311 [I]  交易成功
2018/10/19 09:04:10.527 [I]  交易成功
2018/10/19 09:04:10.974 [I]  交易成功
2018/10/19 09:04:11.237 [I]  交易成功
2018/10/19 09:04:11.450 [I]  交易成功
2018/10/19 09:04:11.701 [I]  交易成功
2018/10/19 09:04:11.928 [I]  交易成功
2018/10/19 09:04:12.145 [I]  交易成功
2018/10/19 09:04:12.364 [I]  交易成功
2018/10/19 09:04:12.572 [I]  交易成功
2018/10/19 09:04:12.784 [I]  交易成功
2018/10/19 09:04:12.999 [I]  交易成功
2018/10/19 09:04:13.204 [I]  交易成功
2018/10/19 09:04:13.406 [I]  交易成功
2018/10/19 09:04:13.608 [I]  交易成功
2018/10/19 09:04:13.810 [I]  交易成功
2018/10/19 09:04:14.012 [I]  交易成功
2018/10/19 09:04:14.217 [I]  交易成功
2018/10/19 09:04:14.456 [I]  交易成功
2018/10/19 09:04:14.661 [I]  交易成功
2018/10/19 09:04:14.871 [I]  交易成功
2018/10/19 09:04:15.081 [I]  交易成功
2018/10/19 09:04:15.283 [I]  交易成功
2018/10/19 09:04:15.489 [I]  交易成功
2018/10/19 09:04:15.700 [I]  交易成功
2018/10/19 09:04:15.911 [I]  交易成功
2018/10/19 09:04:16.123 [I]  交易成功
2018/10/19 09:04:16.343 [I]  交易成功
2018/10/19 09:04:16.548 [I]  交易成功
2018/10/19 09:04:16.754 [I]  交易成功
2018/10/19 09:04:16.961 [I]  交易成功
2018/10/19 09:04:17.169 [I]  交易成功
2018/10/19 09:04:17.371 [I]  交易成功
2018/10/19 09:04:17.589 [I]  交易成功
2018/10/19 09:04:17.796 [I]  交易成功
2018/10/19 09:04:17.998 [I]  交易成功
2018/10/19 09:04:18.203 [I]  交易成功
2018/10/19 09:04:18.404 [I]  交易成功
2018/10/19 09:04:18.605 [I]  交易成功
2018/10/19 09:04:18.821 [I]  交易成功
2018/10/19 09:04:19.022 [I]  交易成功
2018/10/19 09:04:19.234 [I]  交易成功
2018/10/19 09:04:19.482 [I]  交易成功
2018/10/19 09:04:19.691 [I]  交易成功
2018/10/19 09:04:19.902 [I]  交易成功
2018/10/19 09:04:20.105 [I]  交易成功
2018/10/19 09:04:20.321 [I]  交易成功
2018/10/19 09:04:20.526 [I]  交易成功
2018/10/19 09:04:20.740 [I]  交易成功
2018/10/19 09:04:20.953 [I]  交易成功
2018/10/19 09:04:21.668 [I]  交易成功
2018/10/19 09:04:21.887 [I]  交易成功
2018/10/19 09:04:22.115 [I]  交易成功
2018/10/19 09:04:22.324 [I]  交易成功
2018/10/19 09:04:22.779 [I]  交易成功
2018/10/19 09:04:22.999 [I]  交易成功
2018/10/19 09:04:23.207 [I]  交易成功
2018/10/19 09:04:23.422 [I]  交易成功
2018/10/19 09:04:23.881 [I]  交易成功
2018/10/19 09:04:24.090 [I]  交易成功
2018/10/19 09:04:24.299 [I]  交易成功
2018/10/19 09:04:24.504 [I]  交易成功
2018/10/19 09:04:24.724 [I]  交易成功
2018/10/19 09:04:24.930 [I]  交易成功
2018/10/19 09:04:25.139 [I]  交易成功
2018/10/19 09:04:25.345 [I]  交易成功
2018/10/19 09:04:25.548 [I]  交易成功
2018/10/19 09:04:25.760 [I]  交易成功
2018/10/19 09:04:26.217 [I]  交易成功
2018/10/19 09:04:26.428 [I]  交易成功
2018/10/19 09:04:26.634 [I]  交易成功
2018/10/19 09:04:26.842 [I]  交易成功
2018/10/19 09:04:27.061 [I]  交易成功
2018/10/19 09:04:27.511 [I]  交易成功
2018/10/19 09:04:27.723 [I]  交易成功
2018/10/19 09:04:28.195 [I]  交易成功
2018/10/19 09:04:28.422 [I]  交易成功
2018/10/19 09:04:28.649 [I]  交易成功
2018/10/19 09:04:28.859 [I]  交易成功
2018/10/19 09:04:29.091 [I]  交易成功
2018/10/19 09:04:29.306 [I]  交易成功
2018/10/19 09:04:29.510 [I]  交易成功
2018/10/19 09:04:29.720 [I]  交易成功
2018/10/19 09:04:29.928 [I]  交易成功
2018/10/19 09:04:30.140 [I]  交易成功
2018/10/19 09:04:30.357 [I]  交易成功
2018/10/19 09:04:30.557 [I]  交易成功
2018/10/19 09:04:30.777 [I]  交易成功
2018/10/19 09:04:30.988 [I]  交易成功
2018/10/19 09:04:31.233 [I]  交易成功
2018/10/19 09:04:31.442 [I]  交易成功
2018/10/19 09:04:31.649 [I]  交易成功
2018/10/19 09:04:31.860 [I]  交易成功
2018/10/19 09:04:32.077 [I]  交易成功
2018/10/19 09:04:32.281 [I]  交易成功
2018/10/19 09:04:32.495 [I]  交易成功
2018/10/19 09:04:32.702 [I]  交易成功
2018/10/19 09:04:32.912 [I]  交易成功
2018/10/19 09:04:33.126 [I]  交易成功
2018/10/19 09:04:33.341 [I]  交易成功
2018/10/19 09:04:33.542 [I]  交易成功
2018/10/19 09:04:33.752 [I]  交易成功
2018/10/19 09:04:33.956 [I]  交易成功
2018/10/19 09:04:34.183 [I]  交易成功
2018/10/19 09:04:34.390 [I]  交易成功
2018/10/19 09:04:34.608 [I]  交易成功
2018/10/19 09:04:34.812 [I]  交易成功
2018/10/19 09:04:35.020 [I]  交易成功
2018/10/19 09:04:35.227 [I]  交易成功
2018/10/19 09:04:35.428 [I]  交易成功
2018/10/19 09:04:35.643 [I]  交易成功
2018/10/19 09:04:35.853 [I]  交易成功
2018/10/19 09:04:36.058 [I]  交易成功
2018/10/19 09:04:36.262 [I]  交易成功
2018/10/19 09:04:36.465 [I]  交易成功
2018/10/19 09:04:36.932 [I]  交易成功
2018/10/19 09:04:37.259 [I]  交易成功
2018/10/19 09:04:37.500 [I]  交易成功
2018/10/19 09:04:37.761 [I]  交易成功
2018/10/19 09:04:37.971 [I]  交易成功
2018/10/19 09:04:38.448 [I]  交易成功
2018/10/19 09:04:38.666 [I]  交易成功
2018/10/19 09:04:38.872 [I]  交易成功
2018/10/19 09:04:39.080 [I]  交易成功
2018/10/19 09:04:39.318 [I]  交易成功
2018/10/19 09:04:39.525 [I]  交易成功
2018/10/19 09:04:39.735 [I]  交易成功
2018/10/19 09:04:39.960 [I]  交易成功
2018/10/19 09:04:40.166 [I]  交易成功
2018/10/19 09:04:40.368 [I]  交易成功
2018/10/19 09:04:40.578 [I]  交易成功
2018/10/19 09:04:40.791 [I]  交易成功
2018/10/19 09:04:41.000 [I]  交易成功
2018/10/19 09:04:41.470 [I]  交易成功
2018/10/19 09:04:41.678 [I]  交易成功
2018/10/19 09:04:41.890 [I]  交易成功
2018/10/19 09:04:42.099 [I]  交易成功
2018/10/19 09:04:42.308 [I]  交易成功
2018/10/19 09:04:42.515 [I]  交易成功
2018/10/19 09:04:42.734 [I]  交易成功
2018/10/19 09:04:42.937 [I]  交易成功
2018/10/19 09:04:43.147 [I]  交易成功
2018/10/19 09:04:43.371 [I]  交易成功
2018/10/19 09:04:43.619 [I]  交易成功
2018/10/19 09:04:43.835 [I]  交易成功
2018/10/19 09:04:44.038 [I]  交易成功
2018/10/19 09:04:44.243 [I]  交易成功
2018/10/19 09:04:44.449 [I]  交易成功
2018/10/19 09:04:44.668 [I]  交易成功
2018/10/19 09:04:44.921 [I]  交易成功
2018/10/19 09:04:45.156 [I]  交易成功
2018/10/19 09:04:45.363 [I]  交易成功
2018/10/19 09:04:45.564 [I]  交易成功
2018/10/19 09:04:45.773 [I]  交易成功
2018/10/19 09:04:45.978 [I]  交易成功
2018/10/19 09:04:46.441 [I]  交易成功
2018/10/19 09:04:46.742 [I]  交易成功
2018/10/19 09:04:46.994 [I]  交易成功
2018/10/19 09:04:47.203 [I]  交易成功
2018/10/19 09:04:47.416 [I]  交易成功
2018/10/19 09:04:47.634 [I]  交易成功
2018/10/19 09:04:47.845 [I]  交易成功
2018/10/19 09:04:48.058 [I]  交易成功
2018/10/19 09:04:48.267 [I]  交易成功
2018/10/19 09:04:48.482 [I]  交易成功
2018/10/19 09:04:48.706 [I]  交易成功
2018/10/19 09:04:48.908 [I]  交易成功
2018/10/19 09:04:49.128 [I]  交易成功
2018/10/19 09:04:49.347 [I]  交易成功
2018/10/19 09:04:49.557 [I]  交易成功
2018/10/19 09:04:49.768 [I]  交易成功
2018/10/19 09:04:49.975 [I]  交易成功
2018/10/19 09:04:50.492 [I]  交易成功
2018/10/19 09:04:50.705 [I]  交易成功
2018/10/19 09:04:51.095 [I]  交易成功
2018/10/19 09:04:51.306 [I]  交易成功
2018/10/19 09:04:51.521 [I]  交易成功
2018/10/19 09:04:51.729 [I]  交易成功
2018/10/19 09:04:51.938 [I]  交易成功
2018/10/19 09:04:52.145 [I]  交易成功
2018/10/19 09:04:52.353 [I]  交易成功
2018/10/19 09:04:52.561 [I]  交易成功
2018/10/19 09:04:52.789 [I]  交易成功
2018/10/19 09:04:53.021 [I]  交易成功
2018/10/19 09:04:53.235 [I]  交易成功
2018/10/19 09:04:53.453 [I]  交易成功
2018/10/19 09:04:53.667 [I]  交易成功
2018/10/19 09:04:53.886 [I]  交易成功
2018/10/19 09:04:54.098 [I]  交易成功
2018/10/19 09:04:54.561 [I]  交易成功
2018/10/19 09:04:54.769 [I]  交易成功
2018/10/19 09:04:54.982 [I]  交易成功
2018/10/19 09:04:55.436 [I]  交易成功
2018/10/19 09:04:55.645 [I]  交易成功
2018/10/19 09:04:55.861 [I]  交易成功
2018/10/19 09:04:56.092 [I]  交易成功
2018/10/19 09:04:56.307 [I]  交易成功
2018/10/19 09:04:56.522 [I]  交易成功
2018/10/19 09:04:56.742 [I]  交易成功
2018/10/19 09:04:56.953 [I]  交易成功
2018/10/19 09:04:57.165 [I]  交易成功
2018/10/19 09:04:57.395 [I]  交易成功
2018/10/19 09:04:57.611 [I]  交易成功
2018/10/19 09:04:57.846 [I]  交易成功
2018/10/19 09:04:58.051 [I]  交易成功
2018/10/19 09:04:58.259 [I]  交易成功
2018/10/19 09:04:58.498 [I]  交易成功
2018/10/19 09:04:58.709 [I]  交易成功
2018/10/19 09:04:58.914 [I]  交易成功
2018/10/19 09:04:59.140 [I]  交易成功
2018/10/19 09:04:59.339 [I]  交易成功
2018/10/19 09:04:59.550 [I]  交易成功
2018/10/19 09:04:59.766 [I]  交易成功
2018/10/19 09:04:59.980 [I]  交易成功
2018/10/19 09:05:00.194 [I]  交易成功
2018/10/19 09:05:00.411 [I]  交易成功
2018/10/19 09:05:00.877 [I]  交易成功
2018/10/19 09:05:01.082 [I]  交易成功
2018/10/19 09:05:01.286 [I]  交易成功
2018/10/19 09:05:01.504 [I]  交易成功
2018/10/19 09:05:01.710 [I]  交易成功
2018/10/19 09:05:01.915 [I]  交易成功
2018/10/19 09:05:02.124 [I]  交易成功
2018/10/19 09:05:02.331 [I]  交易成功
2018/10/19 09:05:02.543 [I]  交易成功
2018/10/19 09:05:02.750 [I]  交易成功
2018/10/19 09:05:03.203 [I]  交易成功
2018/10/19 09:05:03.409 [I]  交易成功
2018/10/19 09:05:03.611 [I]  交易成功
2018/10/19 09:05:03.824 [I]  交易成功
2018/10/19 09:05:04.024 [I]  交易成功
2018/10/19 09:05:04.227 [I]  交易成功
2018/10/19 09:05:04.435 [I]  交易成功
2018/10/19 09:05:04.649 [I]  交易成功
2018/10/19 09:05:04.866 [I]  交易成功
2018/10/19 09:05:05.070 [I]  交易成功
2018/10/19 09:05:05.278 [I]  交易成功
2018/10/19 09:05:05.512 [I]  交易成功
2018/10/19 09:05:05.720 [I]  交易成功
2018/10/19 09:05:05.929 [I]  交易成功
2018/10/19 09:05:06.380 [I]  交易成功
2018/10/19 09:05:07.376 [I]  交易成功
2018/10/19 09:05:07.586 [I]  交易成功
2018/10/19 09:05:07.797 [I]  交易成功
2018/10/19 09:05:08.020 [I]  交易成功
2018/10/19 09:05:08.256 [I]  交易成功
2018/10/19 09:05:08.469 [I]  交易成功
2018/10/19 09:05:08.716 [I]  交易成功
2018/10/19 09:05:08.916 [I]  交易成功
2018/10/19 09:05:09.128 [I]  交易成功
2018/10/19 09:05:09.329 [I]  交易成功
2018/10/19 09:05:09.537 [I]  交易成功
2018/10/19 09:05:09.749 [I]  交易成功
2018/10/19 09:05:09.962 [I]  交易成功
2018/10/19 09:05:10.164 [I]  交易成功
2018/10/19 09:05:10.373 [I]  交易成功
2018/10/19 09:05:10.595 [I]  交易成功
2018/10/19 09:05:10.797 [I]  交易成功
2018/10/19 09:05:11.252 [I]  交易成功
2018/10/19 09:05:11.456 [I]  交易成功
2018/10/19 09:05:11.663 [I]  交易成功
2018/10/19 09:05:11.888 [I]  交易成功
2018/10/19 09:05:12.099 [I]  交易成功
2018/10/19 09:05:12.305 [I]  交易成功
2018/10/19 09:05:12.517 [I]  交易成功
2018/10/19 09:05:12.730 [I]  交易成功
2018/10/19 09:05:12.933 [I]  交易成功
2018/10/19 09:05:13.141 [I]  交易成功
2018/10/19 09:05:13.346 [I]  交易成功
2018/10/19 09:05:13.551 [I]  交易成功
2018/10/19 09:05:13.783 [I]  交易成功
2018/10/19 09:05:13.996 [I]  交易成功
2018/10/19 09:05:14.201 [I]  交易成功
2018/10/19 09:05:14.409 [I]  交易成功
2018/10/19 09:05:14.609 [I]  交易成功
2018/10/19 09:05:14.814 [I]  交易成功
2018/10/19 09:05:15.032 [I]  交易成功
2018/10/19 09:05:15.237 [I]  交易成功
2018/10/19 09:05:15.447 [I]  交易成功
2018/10/19 09:05:15.653 [I]  交易成功
2018/10/19 09:05:15.866 [I]  交易成功
2018/10/19 09:05:16.072 [I]  交易成功
2018/10/19 09:05:16.288 [I]  交易成功
2018/10/19 09:05:16.497 [I]  交易成功
2018/10/19 09:05:16.711 [I]  交易成功
2018/10/19 09:05:16.921 [I]  交易成功
2018/10/19 09:05:17.138 [I]  交易成功
2018/10/19 09:05:17.345 [I]  交易成功
2018/10/19 09:05:17.544 [I]  交易成功
2018/10/19 09:05:17.755 [I]  交易成功
2018/10/19 09:05:17.973 [I]  交易成功
2018/10/19 09:05:18.423 [I]  交易成功
2018/10/19 09:05:18.641 [I]  交易成功
2018/10/19 09:05:18.849 [I]  交易成功
2018/10/19 09:05:19.064 [I]  交易成功
2018/10/19 09:05:19.285 [I]  交易成功
2018/10/19 09:05:19.493 [I]  交易成功
2018/10/19 09:05:19.710 [I]  交易成功
2018/10/19 09:05:19.918 [I]  交易成功
2018/10/19 09:05:20.376 [I]  交易成功
2018/10/19 09:05:20.590 [I]  交易成功
2018/10/19 09:05:20.831 [I]  交易成功
2018/10/19 09:05:21.051 [I]  交易成功
2018/10/19 09:05:21.266 [I]  交易成功
2018/10/19 09:05:21.475 [I]  交易成功
2018/10/19 09:05:21.932 [I]  交易成功
2018/10/19 09:05:22.500 [I]  交易成功
2018/10/19 09:05:22.709 [I]  交易成功
2018/10/19 09:05:22.918 [I]  交易成功
2018/10/19 09:05:23.122 [I]  交易成功
2018/10/19 09:05:23.348 [I]  交易成功
2018/10/19 09:05:23.560 [I]  交易成功
2018/10/19 09:05:23.768 [I]  交易成功
2018/10/19 09:05:23.970 [I]  交易成功
2018/10/19 09:05:24.182 [I]  交易成功
2018/10/19 09:05:24.382 [I]  交易成功
2018/10/19 09:05:24.590 [I]  交易成功
2018/10/19 09:05:24.804 [I]  交易成功
2018/10/19 09:05:25.016 [I]  交易成功
2018/10/19 09:05:25.470 [I]  交易成功
2018/10/19 09:05:25.682 [I]  交易成功
2018/10/19 09:05:25.895 [I]  交易成功
2018/10/19 09:05:26.116 [I]  交易成功
2018/10/19 09:05:26.327 [I]  交易成功
2018/10/19 09:05:26.536 [I]  交易成功
2018/10/19 09:05:27.022 [I]  交易成功
2018/10/19 09:05:27.229 [I]  交易成功
2018/10/19 09:05:27.442 [I]  交易成功
2018/10/19 09:05:27.678 [I]  交易成功
2018/10/19 09:05:27.927 [I]  交易成功
2018/10/19 09:05:28.165 [I]  交易成功
2018/10/19 09:05:28.374 [I]  交易成功
2018/10/19 09:05:28.578 [I]  交易成功
2018/10/19 09:05:28.789 [I]  交易成功
2018/10/19 09:05:29.010 [I]  交易成功
2018/10/19 09:05:29.226 [I]  交易成功
2018/10/19 09:05:29.436 [I]  交易成功
2018/10/19 09:05:29.641 [I]  交易成功
2018/10/19 09:05:29.847 [I]  交易成功
2018/10/19 09:05:30.053 [I]  交易成功
2018/10/19 09:05:30.287 [I]  交易成功
2018/10/19 09:05:30.505 [I]  交易成功
2018/10/19 09:05:30.744 [I]  交易成功
2018/10/19 09:05:30.960 [I]  交易成功
2018/10/19 09:05:31.173 [I]  交易成功
2018/10/19 09:05:31.451 [I]  交易成功
2018/10/19 09:05:31.852 [I]  交易成功
2018/10/19 09:05:32.077 [I]  交易成功
2018/10/19 09:05:32.290 [I]  交易成功
2018/10/19 09:05:32.502 [I]  交易成功
2018/10/19 09:05:32.708 [I]  交易成功
2018/10/19 09:05:32.988 [I]  交易成功
2018/10/19 09:05:33.334 [I]  交易成功
2018/10/19 09:05:33.617 [I]  交易成功
2018/10/19 09:05:33.830 [I]  交易成功
2018/10/19 09:05:34.062 [I]  交易成功
2018/10/19 09:05:34.555 [I]  交易成功
2018/10/19 09:05:34.777 [I]  交易成功
2018/10/19 09:05:34.989 [I]  交易成功
2018/10/19 09:05:35.199 [I]  交易成功
2018/10/19 09:05:35.412 [I]  交易成功
2018/10/19 09:05:35.628 [I]  交易成功
2018/10/19 09:05:35.845 [I]  交易成功
2018/10/19 09:05:36.120 [I]  交易成功
2018/10/19 09:05:36.396 [I]  交易成功
2018/10/19 09:05:36.613 [I]  交易成功
2018/10/19 09:05:36.830 [I]  交易成功
2018/10/19 09:05:37.071 [I]  交易成功
2018/10/19 09:05:37.854 [I]  交易成功
2018/10/19 09:05:38.067 [I]  交易成功
2018/10/19 09:05:38.284 [I]  交易成功
2018/10/19 09:05:38.777 [I]  交易成功
2018/10/19 09:05:38.995 [I]  交易成功
2018/10/19 09:05:39.205 [I]  交易成功
2018/10/19 09:05:39.417 [I]  交易成功
2018/10/19 09:05:39.637 [I]  交易成功
2018/10/19 09:05:39.851 [I]  交易成功
2018/10/19 09:05:40.056 [I]  交易成功
2018/10/19 09:05:40.279 [I]  交易成功
2018/10/19 09:05:40.998 [I]  交易成功
2018/10/19 09:05:41.452 [I]  交易成功
2018/10/19 09:05:41.657 [I]  交易成功
2018/10/19 09:05:41.866 [I]  交易成功
2018/10/19 09:05:42.082 [I]  交易成功
2018/10/19 09:05:42.288 [I]  交易成功
2018/10/19 09:05:42.505 [I]  交易成功
2018/10/19 09:05:42.727 [I]  交易成功
2018/10/19 09:05:42.926 [I]  交易成功
2018/10/19 09:05:43.146 [I]  交易成功
2018/10/19 09:05:43.355 [I]  交易成功
2018/10/19 09:05:43.567 [I]  交易成功
2018/10/19 09:05:44.030 [I]  交易成功
2018/10/19 09:05:44.236 [I]  交易成功
2018/10/19 09:05:44.446 [I]  交易成功
2018/10/19 09:05:44.658 [I]  交易成功
2018/10/19 09:05:44.893 [I]  交易成功
2018/10/19 09:05:45.111 [I]  交易成功
2018/10/19 09:05:45.318 [I]  交易成功
2018/10/19 09:05:45.524 [I]  交易成功
2018/10/19 09:05:45.769 [I]  交易成功
2018/10/19 09:05:45.987 [I]  交易成功
2018/10/19 09:05:46.221 [I]  交易成功
2018/10/19 09:05:46.435 [I]  交易成功
2018/10/19 09:05:46.648 [I]  交易成功
2018/10/19 09:05:46.852 [I]  交易成功
2018/10/19 09:05:47.072 [I]  交易成功
2018/10/19 09:05:47.533 [I]  交易成功
2018/10/19 09:05:47.753 [I]  交易成功
2018/10/19 09:05:47.964 [I]  交易成功
2018/10/19 09:05:48.182 [I]  交易成功
2018/10/19 09:05:48.386 [I]  交易成功
2018/10/19 09:05:48.596 [I]  交易成功
2018/10/19 09:05:48.803 [I]  交易成功
2018/10/19 09:05:49.020 [I]  交易成功
2018/10/19 09:05:49.228 [I]  交易成功
2018/10/19 09:05:49.443 [I]  交易成功
2018/10/19 09:05:49.656 [I]  交易成功
2018/10/19 09:05:49.915 [I]  交易成功
2018/10/19 09:05:50.124 [I]  交易成功
2018/10/19 09:05:50.362 [I]  交易成功
2018/10/19 09:05:50.583 [I]  交易成功
2018/10/19 09:05:50.814 [I]  交易成功
2018/10/19 09:05:51.038 [I]  交易成功
2018/10/19 09:05:51.273 [I]  交易成功
2018/10/19 09:05:51.496 [I]  交易成功
2018/10/19 09:05:51.726 [I]  交易成功
2018/10/19 09:05:51.978 [I]  交易成功
2018/10/19 09:05:52.214 [I]  交易成功
2018/10/19 09:05:52.953 [I]  交易成功
2018/10/19 09:05:53.183 [I]  交易成功
2018/10/19 09:05:53.413 [I]  交易成功
2018/10/19 09:05:53.962 [I]  交易成功
2018/10/19 09:05:54.211 [I]  交易成功
2018/10/19 09:05:54.445 [I]  交易成功
2018/10/19 09:05:54.663 [I]  交易成功
2018/10/19 09:05:54.898 [I]  交易成功
2018/10/19 09:05:55.130 [I]  交易成功
2018/10/19 09:05:55.369 [I]  交易成功
2018/10/19 09:05:55.854 [I]  交易成功
2018/10/19 09:05:56.086 [I]  交易成功
2018/10/19 09:05:56.320 [I]  交易成功
2018/10/19 09:05:56.555 [I]  交易成功
2018/10/19 09:05:56.784 [I]  交易成功
2018/10/19 09:05:57.017 [I]  交易成功
2018/10/19 09:05:57.251 [I]  交易成功
2018/10/19 09:05:57.473 [I]  交易成功
2018/10/19 09:05:57.722 [I]  交易成功
2018/10/19 09:05:57.956 [I]  交易成功
2018/10/19 09:05:58.438 [I]  交易成功
2018/10/19 09:05:58.668 [I]  交易成功
2018/10/19 09:05:58.905 [I]  交易成功
2018/10/19 09:05:59.131 [I]  交易成功
2018/10/19 09:05:59.373 [I]  交易成功
2018/10/19 09:05:59.603 [I]  交易成功
2018/10/19 09:05:59.873 [I]  交易成功
2018/10/19 09:06:00.102 [I]  交易成功
2018/10/19 09:06:00.343 [I]  交易成功
2018/10/19 09:06:00.589 [I]  交易成功
2018/10/19 09:06:00.821 [I]  交易成功
2018/10/19 09:06:01.044 [I]  交易成功
2018/10/19 09:06:01.526 [I]  交易成功
2018/10/19 09:06:01.760 [I]  交易成功
2018/10/19 09:06:01.985 [I]  交易成功
2018/10/19 09:06:02.235 [I]  交易成功
2018/10/19 09:06:02.471 [I]  交易成功
2018/10/19 09:06:02.701 [I]  交易成功
2018/10/19 09:06:02.927 [I]  交易成功
2018/10/19 09:06:03.147 [I]  交易成功
2018/10/19 09:06:03.618 [I]  交易成功
2018/10/19 09:06:03.844 [I]  交易成功
2018/10/19 09:06:04.319 [I]  交易成功
2018/10/19 09:06:04.796 [I]  交易成功
2018/10/19 09:06:05.275 [I]  交易成功
2018/10/19 09:06:05.540 [I]  交易成功
2018/10/19 09:06:05.771 [I]  交易成功
2018/10/19 09:06:06.006 [I]  交易成功
2018/10/19 09:06:06.235 [I]  交易成功
2018/10/19 09:06:06.470 [I]  交易成功
2018/10/19 09:06:06.699 [I]  交易成功
2018/10/19 09:06:06.928 [I]  交易成功
2018/10/19 09:06:07.168 [I]  交易成功
2018/10/19 09:06:07.398 [I]  交易成功
2018/10/19 09:06:07.616 [I]  交易成功
2018/10/19 09:06:07.852 [I]  交易成功
2018/10/19 09:06:08.080 [I]  交易成功
2018/10/19 09:06:08.305 [I]  交易成功
2018/10/19 09:06:08.536 [I]  交易成功
2018/10/19 09:06:08.760 [I]  交易成功
2018/10/19 09:06:09.035 [I]  交易成功
2018/10/19 09:06:09.262 [I]  交易成功
2018/10/19 09:06:09.489 [I]  交易成功
2018/10/19 09:06:09.718 [I]  交易成功
2018/10/19 09:06:09.956 [I]  交易成功
2018/10/19 09:06:10.188 [I]  交易成功
2018/10/19 09:06:10.662 [I]  交易成功
2018/10/19 09:06:10.892 [I]  交易成功
2018/10/19 09:06:11.123 [I]  交易成功
2018/10/19 09:06:11.360 [I]  交易成功
2018/10/19 09:06:11.608 [I]  交易成功
2018/10/19 09:06:11.840 [I]  交易成功
2018/10/19 09:06:12.312 [I]  交易成功
2018/10/19 09:06:12.546 [I]  交易成功
2018/10/19 09:06:12.773 [I]  交易成功
2018/10/19 09:06:13.248 [I]  交易成功
2018/10/19 09:06:13.477 [I]  交易成功
2018/10/19 09:06:13.705 [I]  交易成功
2018/10/19 09:06:13.936 [I]  交易成功
2018/10/19 09:06:14.158 [I]  交易成功
2018/10/19 09:06:14.391 [I]  交易成功
2018/10/19 09:06:14.623 [I]  交易成功
2018/10/19 09:06:14.863 [I]  交易成功
2018/10/19 09:06:15.086 [I]  交易成功
2018/10/19 09:06:15.308 [I]  交易成功
2018/10/19 09:06:15.537 [I]  交易成功
2018/10/19 09:06:15.761 [I]  交易成功
2018/10/19 09:06:16.000 [I]  交易成功
2018/10/19 09:06:16.244 [I]  交易成功
2018/10/19 09:06:16.466 [I]  交易成功
2018/10/19 09:06:16.694 [I]  交易成功
2018/10/19 09:06:16.935 [I]  交易成功
2018/10/19 09:06:17.157 [I]  交易成功
2018/10/19 09:06:17.397 [I]  交易成功
2018/10/19 09:06:17.884 [I]  交易成功
2018/10/19 09:06:18.134 [I]  交易成功
2018/10/19 09:06:18.497 [I]  交易成功
2018/10/19 09:06:18.726 [I]  交易成功
2018/10/19 09:06:18.954 [I]  交易成功
2018/10/19 09:06:19.181 [I]  交易成功
2018/10/19 09:06:19.404 [I]  交易成功
2018/10/19 09:06:19.627 [I]  交易成功
2018/10/19 09:06:19.860 [I]  交易成功
2018/10/19 09:06:20.092 [I]  交易成功
2018/10/19 09:06:20.320 [I]  交易成功
2018/10/19 09:06:20.555 [I]  交易成功
2018/10/19 09:06:21.041 [I]  交易成功
2018/10/19 09:06:21.275 [I]  交易成功
2018/10/19 09:06:21.500 [I]  交易成功
2018/10/19 09:06:21.735 [I]  交易成功
2018/10/19 09:06:22.217 [I]  交易成功
2018/10/19 09:06:22.444 [I]  交易成功
2018/10/19 09:06:22.669 [I]  交易成功
2018/10/19 09:06:22.897 [I]  交易成功
2018/10/19 09:06:23.133 [I]  交易成功
2018/10/19 09:06:23.387 [I]  交易成功
2018/10/19 09:06:23.867 [I]  交易成功
2018/10/19 09:06:24.094 [I]  交易成功
2018/10/19 09:06:24.326 [I]  交易成功
2018/10/19 09:06:24.552 [I]  交易成功
2018/10/19 09:06:24.782 [I]  交易成功
2018/10/19 09:06:25.041 [I]  交易成功
2018/10/19 09:06:25.269 [I]  交易成功
2018/10/19 09:06:25.541 [I]  交易成功
2018/10/19 09:06:26.065 [I]  交易成功
2018/10/19 09:06:26.292 [I]  交易成功
2018/10/19 09:06:26.542 [I]  交易成功
2018/10/19 09:06:26.795 [I]  交易成功
2018/10/19 09:06:27.070 [I]  交易成功
2018/10/19 09:06:27.295 [I]  交易成功
2018/10/19 09:06:27.520 [I]  交易成功
2018/10/19 09:06:27.742 [I]  交易成功
2018/10/19 09:06:27.968 [I]  交易成功
2018/10/19 09:06:28.206 [I]  交易成功
2018/10/19 09:06:28.461 [I]  交易成功
2018/10/19 09:06:28.687 [I]  交易成功
2018/10/19 09:06:28.914 [I]  交易成功
2018/10/19 09:06:29.148 [I]  交易成功
2018/10/19 09:06:29.355 [I]  交易成功
2018/10/19 09:06:29.581 [I]  交易成功
2018/10/19 09:06:29.788 [I]  交易成功
2018/10/19 09:06:29.995 [I]  交易成功
2018/10/19 09:06:30.201 [I]  交易成功
2018/10/19 09:06:30.416 [I]  交易成功
2018/10/19 09:06:30.622 [I]  交易成功
2018/10/19 09:06:30.855 [I]  交易成功
2018/10/19 09:06:31.069 [I]  交易成功
2018/10/19 09:06:31.276 [I]  交易成功
2018/10/19 09:06:31.481 [I]  交易成功
2018/10/19 09:06:31.687 [I]  交易成功
2018/10/19 09:06:31.924 [I]  交易成功
2018/10/19 09:06:32.136 [I]  交易成功
2018/10/19 09:06:32.332 [I]  交易成功
2018/10/19 09:06:32.542 [I]  交易成功
2018/10/19 09:06:33.027 [I]  交易成功
2018/10/19 09:06:33.549 [I]  交易成功
2018/10/19 09:06:33.759 [I]  交易成功
2018/10/19 09:06:33.977 [I]  交易成功
2018/10/19 09:06:34.201 [I]  交易成功
2018/10/19 09:06:34.426 [I]  交易成功
2018/10/19 09:06:34.619 [I]  交易成功
2018/10/19 09:06:34.834 [I]  交易成功
2018/10/19 09:06:35.053 [I]  交易成功
2018/10/19 09:06:35.266 [I]  交易成功
2018/10/19 09:06:35.479 [I]  交易成功
2018/10/19 09:06:35.680 [I]  交易成功
2018/10/19 09:06:36.141 [I]  交易成功
2018/10/19 09:06:36.343 [I]  交易成功
2018/10/19 09:06:36.540 [I]  交易成功
2018/10/19 09:06:36.758 [I]  交易成功
2018/10/19 09:06:36.951 [I]  交易成功
2018/10/19 09:06:37.161 [I]  交易成功
2018/10/19 09:06:37.366 [I]  交易成功
2018/10/19 09:06:37.572 [I]  交易成功
2018/10/19 09:06:37.776 [I]  交易成功
2018/10/19 09:06:37.979 [I]  交易成功
2018/10/19 09:06:38.210 [I]  交易成功
2018/10/19 09:06:38.417 [I]  交易成功
2018/10/19 09:06:38.618 [I]  交易成功
2018/10/19 09:06:38.833 [I]  交易成功
2018/10/19 09:06:39.057 [I]  交易成功
2018/10/19 09:06:39.261 [I]  交易成功
2018/10/19 09:06:39.464 [I]  交易成功
2018/10/19 09:06:39.682 [I]  交易成功
2018/10/19 09:06:39.932 [I]  交易成功
2018/10/19 09:06:40.150 [I]  交易成功
2018/10/19 09:06:40.352 [I]  交易成功
2018/10/19 09:06:40.563 [I]  交易成功
2018/10/19 09:06:40.765 [I]  交易成功
2018/10/19 09:06:40.973 [I]  交易成功
2018/10/19 09:06:41.167 [I]  交易成功
2018/10/19 09:06:41.390 [I]  交易成功
2018/10/19 09:06:41.587 [I]  交易成功
2018/10/19 09:06:41.804 [I]  交易成功
2018/10/19 09:06:42.029 [I]  交易成功
2018/10/19 09:06:42.233 [I]  交易成功
2018/10/19 09:06:42.428 [I]  交易成功
2018/10/19 09:06:42.673 [I]  交易成功
2018/10/19 09:06:42.882 [I]  交易成功
2018/10/19 09:06:43.089 [I]  交易成功
2018/10/19 09:06:43.295 [I]  交易成功
2018/10/19 09:06:43.499 [I]  交易成功
2018/10/19 09:06:43.760 [I]  交易成功
2018/10/19 09:06:43.990 [I]  交易成功
2018/10/19 09:06:44.191 [I]  交易成功
2018/10/19 09:06:44.409 [I]  交易成功
2018/10/19 09:06:44.604 [I]  交易成功
2018/10/19 09:06:44.817 [I]  交易成功
2018/10/19 09:06:45.016 [I]  交易成功
2018/10/19 09:06:45.221 [I]  交易成功
2018/10/19 09:06:45.420 [I]  交易成功
2018/10/19 09:06:45.885 [I]  交易成功
2018/10/19 09:06:46.091 [I]  交易成功
2018/10/19 09:06:46.307 [I]  交易成功
2018/10/19 09:06:46.510 [I]  交易成功
2018/10/19 09:06:46.717 [I]  交易成功
2018/10/19 09:06:46.925 [I]  交易成功
2018/10/19 09:06:47.395 [I]  交易成功
2018/10/19 09:06:47.600 [I]  交易成功
2018/10/19 09:06:47.809 [I]  交易成功
2018/10/19 09:06:48.013 [I]  交易成功
2018/10/19 09:06:48.223 [I]  交易成功
2018/10/19 09:06:48.431 [I]  交易成功
2018/10/19 09:06:48.651 [I]  交易成功
2018/10/19 09:06:48.852 [I]  交易成功
2018/10/19 09:06:49.067 [I]  交易成功
2018/10/19 09:06:49.266 [I]  交易成功
2018/10/19 09:07:43.447 [I]  OKexSymbols:map[],HuobiSymbols:map[]
2018/10/19 09:07:43.447 [I]  init Accounts success
2018/10/19 09:07:43.447 [D]  init conf succ
2018/10/19 09:07:44.221 [I]  交易成功
2018/10/19 09:07:44.534 [I]  交易成功
2018/10/19 09:07:44.858 [I]  交易成功
2018/10/19 09:07:45.184 [I]  交易成功
2018/10/19 09:07:45.510 [I]  交易成功
2018/10/19 09:07:45.818 [I]  交易成功
2018/10/19 09:07:46.148 [I]  交易成功
2018/10/19 09:07:46.469 [I]  交易成功
2018/10/19 09:07:46.799 [I]  交易成功
2018/10/19 09:07:47.136 [I]  交易成功
2018/10/19 09:07:47.479 [I]  交易成功
2018/10/19 09:07:47.791 [I]  交易成功
2018/10/19 09:07:48.126 [I]  交易成功
2018/10/19 09:07:48.449 [I]  交易成功
2018/10/19 09:07:48.773 [I]  交易成功
2018/10/19 09:07:49.098 [I]  交易成功
2018/10/19 09:07:49.667 [I]  交易成功
2018/10/19 09:07:50.236 [I]  交易成功
2018/10/19 09:07:50.558 [I]  交易成功
2018/10/19 09:07:50.882 [I]  交易成功
2018/10/19 09:07:51.231 [I]  交易成功
2018/10/19 09:07:51.545 [I]  交易成功
2018/10/19 09:07:51.865 [I]  交易成功
2018/10/19 09:07:52.190 [I]  交易成功
2018/10/19 09:07:52.511 [I]  交易成功
2018/10/19 09:07:52.825 [I]  交易成功
2018/10/19 09:07:53.187 [I]  交易成功
2018/10/19 09:07:53.504 [I]  交易成功
2018/10/19 09:07:54.075 [I]  交易成功
2018/10/19 09:07:54.418 [I]  交易成功
2018/10/19 09:07:54.749 [I]  交易成功
2018/10/19 09:07:55.065 [I]  交易成功
2018/10/19 09:07:55.895 [I]  交易成功
2018/10/19 09:07:56.255 [I]  交易成功
2018/10/19 09:07:56.585 [I]  交易成功
2018/10/19 09:07:57.045 [I]  交易成功
2018/10/19 09:07:57.390 [I]  交易成功
2018/10/19 09:07:57.711 [I]  交易成功
2018/10/19 09:07:58.613 [I]  交易成功
2018/10/19 09:07:58.935 [I]  交易成功
2018/10/19 09:07:59.264 [I]  交易成功
2018/10/19 09:07:59.602 [I]  交易成功
2018/10/19 09:08:00.981 [I]  交易成功
2018/10/19 09:08:01.306 [I]  交易成功
2018/10/19 09:08:01.624 [I]  交易成功
2018/10/19 09:08:01.962 [I]  交易成功
2018/10/19 09:08:02.302 [I]  交易成功
2018/10/19 09:08:02.676 [I]  交易成功
2018/10/19 09:08:03.289 [I]  交易成功
2018/10/19 09:08:03.624 [I]  交易成功
2018/10/19 09:08:03.957 [I]  交易成功
2018/10/19 09:08:04.288 [I]  交易成功
2018/10/19 09:08:04.610 [I]  交易成功
2018/10/19 09:08:04.930 [I]  交易成功
2018/10/19 09:08:05.271 [I]  交易成功
2018/10/19 09:08:05.604 [I]  交易成功
2018/10/19 09:08:05.952 [I]  交易成功
2018/10/19 09:08:06.272 [I]  交易成功
2018/10/19 09:08:06.601 [I]  交易成功
2018/10/19 09:08:07.040 [I]  交易成功
2018/10/19 09:08:07.499 [I]  交易成功
2018/10/19 09:08:07.892 [I]  交易成功
2018/10/19 09:08:08.231 [I]  交易成功
2018/10/19 09:08:08.561 [I]  交易成功
2018/10/19 09:08:08.901 [I]  交易成功
2018/10/19 09:08:09.527 [I]  交易成功
2018/10/19 09:08:10.350 [I]  交易成功
2018/10/19 09:08:11.026 [I]  交易成功
2018/10/19 09:08:11.359 [I]  交易成功
2018/10/19 09:08:11.707 [I]  交易成功
2018/10/19 09:08:12.036 [I]  交易成功
2018/10/19 09:08:12.357 [I]  交易成功
2018/10/19 09:08:13.337 [I]  交易成功
2018/10/19 09:08:13.652 [I]  交易成功
2018/10/19 09:08:13.980 [I]  交易成功
2018/10/19 09:08:14.304 [I]  交易成功
2018/10/19 09:08:14.637 [I]  交易成功
2018/10/19 09:08:15.252 [I]  交易成功
2018/10/19 09:08:15.590 [I]  交易成功
2018/10/19 09:08:15.922 [I]  交易成功
2018/10/19 09:08:16.249 [I]  交易成功
2018/10/19 09:08:16.553 [I]  交易成功
2018/10/19 09:08:16.876 [I]  交易成功
2018/10/19 09:08:17.292 [I]  交易成功
2018/10/19 09:08:17.704 [I]  交易成功
2018/10/19 09:08:18.220 [I]  交易成功
2018/10/19 09:08:18.556 [I]  交易成功
2018/10/19 09:08:18.879 [I]  交易成功
2018/10/19 09:08:19.199 [I]  交易成功
2018/10/19 09:08:19.797 [I]  交易成功
2018/10/19 09:08:20.109 [I]  交易成功
2018/10/19 09:08:20.415 [I]  交易成功
2018/10/19 09:08:20.737 [I]  交易成功
2018/10/19 09:08:21.125 [I]  交易成功
2018/10/19 09:08:21.571 [I]  交易成功
2018/10/19 09:08:21.909 [I]  交易成功
2018/10/19 09:08:22.323 [I]  交易成功
2018/10/19 09:08:22.667 [I]  交易成功
2018/10/19 09:08:23.155 [I]  交易成功
2018/10/19 09:08:23.530 [I]  交易成功
2018/10/19 09:08:24.058 [I]  交易成功
2018/10/19 09:08:24.470 [I]  交易成功
2018/10/19 09:08:24.882 [I]  交易成功
2018/10/19 09:08:25.323 [I]  交易成功
2018/10/19 09:08:25.770 [I]  交易成功
2018/10/19 09:08:26.194 [I]  交易成功
2018/10/19 09:08:26.628 [I]  交易成功
2018/10/19 09:08:27.184 [I]  交易成功
2018/10/19 09:08:27.695 [I]  交易成功
2018/10/19 09:08:28.359 [I]  交易成功
2018/10/19 09:08:29.099 [I]  交易成功
2018/10/19 09:08:30.138 [I]  交易成功
2018/10/19 09:08:31.156 [I]  交易成功
2018/10/19 09:08:34.237 [I]  交易成功
2018/10/19 09:08:35.042 [I]  交易成功
2018/10/19 09:08:35.710 [I]  交易成功
2018/10/19 09:08:37.670 [I]  交易成功
2018/10/19 09:08:38.285 [I]  交易成功
2018/10/19 09:08:38.710 [I]  交易成功
2018/10/19 09:08:39.428 [I]  交易成功
2018/10/19 09:08:40.067 [I]  交易成功
2018/10/19 09:08:41.005 [I]  交易成功
2018/10/19 09:08:41.954 [I]  交易成功
2018/10/19 09:08:42.820 [I]  交易成功
2018/10/19 09:08:43.585 [I]  交易成功
2018/10/19 09:08:44.185 [I]  交易成功
2018/10/19 09:08:44.839 [I]  交易成功
2018/10/19 09:08:45.513 [I]  交易成功
2018/10/19 09:08:46.078 [I]  交易成功
2018/10/19 09:08:46.616 [I]  交易成功
2018/10/19 09:08:47.055 [I]  交易成功
2018/10/19 09:08:47.427 [I]  交易成功
2018/10/19 09:08:48.218 [I]  交易成功
2018/10/19 09:08:48.527 [I]  交易成功
2018/10/19 09:08:48.839 [I]  交易成功
2018/10/19 09:08:49.150 [I]  交易成功
2018/10/19 09:08:50.088 [I]  交易成功
2018/10/19 09:08:50.392 [I]  交易成功
2018/10/19 09:08:50.777 [I]  交易成功
2018/10/19 09:08:51.071 [I]  交易成功
2018/10/19 09:08:51.812 [I]  交易成功
2018/10/19 09:08:52.108 [I]  交易成功
2018/10/19 09:08:52.405 [I]  交易成功
2018/10/19 09:08:52.735 [I]  交易成功
2018/10/19 09:08:53.132 [I]  交易成功
2018/10/19 09:08:53.417 [I]  交易成功
2018/10/19 09:08:54.629 [I]  交易成功
2018/10/19 09:08:54.945 [I]  交易成功
2018/10/19 09:08:55.271 [I]  交易成功
2018/10/19 09:08:55.556 [I]  交易成功
2018/10/19 09:08:55.944 [I]  交易成功
2018/10/19 09:08:56.264 [I]  交易成功
2018/10/19 09:08:56.921 [I]  交易成功
2018/10/19 09:08:57.202 [I]  交易成功
2018/10/19 09:08:57.513 [I]  交易成功
2018/10/19 09:08:58.155 [I]  交易成功
2018/10/19 09:08:58.443 [I]  交易成功
2018/10/19 09:08:58.731 [I]  交易成功
2018/10/19 09:08:59.312 [I]  交易成功
2018/10/19 09:08:59.609 [I]  交易成功
2018/10/19 09:08:59.899 [I]  交易成功
2018/10/19 09:09:00.189 [I]  交易成功
2018/10/19 09:09:00.484 [I]  交易成功
2018/10/19 09:09:00.772 [I]  交易成功
2018/10/19 09:09:01.113 [I]  交易成功
2018/10/19 09:09:01.406 [I]  交易成功
2018/10/19 09:09:02.004 [I]  交易成功
2018/10/19 09:09:02.319 [I]  交易成功
2018/10/19 09:09:02.618 [I]  交易成功
2018/10/19 09:09:02.933 [I]  交易成功
2018/10/19 09:09:03.262 [I]  交易成功
2018/10/19 09:09:03.558 [I]  交易成功
2018/10/19 09:09:03.858 [I]  交易成功
2018/10/19 09:09:04.149 [I]  交易成功
2018/10/19 09:09:04.469 [I]  交易成功
2018/10/19 09:09:04.758 [I]  交易成功
2018/10/19 09:09:05.061 [I]  交易成功
2018/10/19 09:09:05.361 [I]  交易成功
2018/10/19 09:09:05.657 [I]  交易成功
2018/10/19 09:09:05.968 [I]  交易成功
2018/10/19 09:09:06.268 [I]  交易成功
2018/10/19 09:09:06.567 [I]  交易成功
2018/10/19 09:09:06.864 [I]  交易成功
2018/10/19 09:09:07.460 [I]  交易成功
2018/10/19 09:09:07.765 [I]  交易成功
2018/10/19 09:09:08.072 [I]  交易成功
2018/10/19 09:09:08.389 [I]  交易成功
2018/10/19 09:09:09.173 [I]  交易成功
2018/10/19 09:09:09.478 [I]  交易成功
2018/10/19 09:09:09.798 [I]  交易成功
2018/10/19 09:09:10.109 [I]  交易成功
2018/10/19 09:09:10.411 [I]  交易成功
2018/10/19 09:09:10.715 [I]  交易成功
2018/10/19 09:09:11.012 [I]  交易成功
2018/10/19 09:09:11.315 [I]  交易成功
2018/10/19 09:09:11.612 [I]  交易成功
2018/10/19 09:09:11.914 [I]  交易成功
2018/10/19 09:09:12.229 [I]  交易成功
2018/10/19 09:09:12.562 [I]  交易成功
2018/10/19 09:09:13.137 [I]  交易成功
2018/10/19 09:09:13.437 [I]  交易成功
2018/10/19 09:09:13.744 [I]  交易成功
2018/10/19 09:09:14.293 [I]  交易成功
2018/10/19 09:09:14.603 [I]  交易成功
2018/10/19 09:09:14.910 [I]  交易成功
2018/10/19 09:09:15.216 [I]  交易成功
2018/10/19 09:09:15.526 [I]  交易成功
2018/10/19 09:09:15.827 [I]  交易成功
2018/10/19 09:09:16.146 [I]  交易成功
2018/10/19 09:09:16.706 [I]  交易成功
2018/10/19 09:09:17.042 [I]  交易成功
2018/10/19 09:09:17.626 [I]  交易成功
2018/10/19 09:09:17.997 [I]  交易成功
2018/10/19 09:09:18.335 [I]  交易成功
2018/10/19 09:09:18.671 [I]  交易成功
2018/10/19 09:09:19.012 [I]  交易成功
2018/10/19 09:09:19.336 [I]  交易成功
2018/10/19 09:09:20.704 [I]  交易成功
2018/10/19 09:09:21.065 [I]  交易成功
2018/10/19 09:09:21.385 [I]  交易成功
2018/10/19 09:09:21.782 [I]  交易成功
2018/10/19 09:09:22.195 [I]  交易成功
2018/10/19 09:09:22.524 [I]  交易成功
2018/10/19 09:09:22.865 [I]  交易成功
2018/10/19 09:09:23.206 [I]  交易成功
2018/10/19 09:09:23.789 [I]  交易成功
2018/10/19 09:09:24.118 [I]  交易成功
2018/10/19 09:09:24.453 [I]  交易成功
2018/10/19 09:09:24.785 [I]  交易成功
2018/10/19 09:09:25.112 [I]  交易成功
2018/10/19 09:09:25.436 [I]  交易成功
2018/10/19 09:09:25.756 [I]  交易成功
2018/10/19 09:09:26.087 [I]  交易成功
2018/10/19 09:09:26.411 [I]  交易成功
2018/10/19 09:09:26.737 [I]  交易成功
2018/10/19 09:09:27.047 [I]  交易成功
2018/10/19 09:09:27.400 [I]  交易成功
2018/10/19 09:09:28.024 [I]  交易成功
2018/10/19 09:09:28.335 [I]  交易成功
2018/10/19 09:09:28.643 [I]  交易成功
2018/10/19 09:09:28.959 [I]  交易成功
2018/10/19 09:09:29.280 [I]  交易成功
2018/10/19 09:09:29.605 [I]  交易成功
2018/10/19 09:09:29.930 [I]  交易成功
2018/10/19 09:09:30.235 [I]  交易成功
2018/10/19 09:09:30.545 [I]  交易成功
2018/10/19 09:09:30.853 [I]  交易成功
2018/10/19 09:09:31.161 [I]  交易成功
2018/10/19 09:09:31.478 [I]  交易成功
2018/10/19 09:09:31.781 [I]  交易成功
2018/10/19 09:09:32.093 [I]  交易成功
2018/10/19 09:09:32.403 [I]  交易成功
2018/10/19 09:09:32.971 [I]  交易成功
2018/10/19 09:09:33.558 [I]  交易成功
2018/10/19 09:09:34.132 [I]  交易成功
2018/10/19 09:09:34.444 [I]  交易成功
2018/10/19 09:09:34.765 [I]  交易成功
2018/10/19 09:09:35.084 [I]  交易成功
2018/10/19 09:09:35.412 [I]  交易成功
2018/10/19 09:09:36.224 [I]  交易成功
2018/10/19 09:09:36.549 [I]  交易成功
2018/10/19 09:09:36.858 [I]  交易成功
2018/10/19 09:09:37.173 [I]  交易成功
2018/10/19 09:09:37.491 [I]  交易成功
2018/10/19 09:09:37.808 [I]  交易成功
2018/10/19 09:09:38.116 [I]  交易成功
2018/10/19 09:09:38.446 [I]  交易成功
2018/10/19 09:09:38.764 [I]  交易成功
2018/10/19 09:09:39.076 [I]  交易成功
2018/10/19 09:09:39.392 [I]  交易成功
2018/10/19 09:09:39.719 [I]  交易成功
2018/10/19 09:09:40.041 [I]  交易成功
2018/10/19 09:09:40.363 [I]  交易成功
2018/10/19 09:09:40.675 [I]  交易成功
2018/10/19 09:09:41.045 [I]  交易成功
2018/10/19 09:09:41.369 [I]  交易成功
2018/10/19 09:09:41.706 [I]  交易成功
2018/10/19 09:09:42.000 [I]  交易成功
2018/10/19 09:09:42.867 [I]  交易成功
2018/10/19 09:09:43.145 [I]  交易成功
2018/10/19 09:09:43.424 [I]  交易成功
2018/10/19 09:09:43.956 [I]  交易成功
2018/10/19 09:09:44.239 [I]  交易成功
2018/10/19 09:09:44.768 [I]  交易成功
2018/10/19 09:09:45.313 [I]  交易成功
2018/10/19 09:09:45.583 [I]  交易成功
2018/10/19 09:09:46.149 [I]  交易成功
2018/10/19 09:09:46.427 [I]  交易成功
2018/10/19 09:09:46.710 [I]  交易成功
2018/10/19 09:09:46.987 [I]  交易成功
2018/10/19 09:09:47.271 [I]  交易成功
2018/10/19 09:09:47.551 [I]  交易成功
2018/10/19 09:09:47.836 [I]  交易成功
2018/10/19 09:09:48.365 [I]  交易成功
2018/10/19 09:09:48.651 [I]  交易成功
2018/10/19 09:09:48.942 [I]  交易成功
2018/10/19 09:09:49.227 [I]  交易成功
2018/10/19 09:09:49.763 [I]  交易成功
2018/10/19 09:09:50.502 [I]  交易成功
2018/10/19 09:09:50.821 [I]  交易成功
2018/10/19 09:09:51.200 [I]  交易成功
2018/10/19 09:09:51.491 [I]  交易成功
2018/10/19 09:09:51.810 [I]  交易成功
2018/10/19 09:09:52.103 [I]  交易成功
2018/10/19 09:09:52.498 [I]  交易成功
2018/10/19 09:09:52.789 [I]  交易成功
2018/10/19 09:09:53.104 [I]  交易成功
2018/10/19 09:09:53.740 [I]  交易成功
2018/10/19 09:09:54.039 [I]  交易成功
2018/10/19 09:09:54.341 [I]  交易成功
2018/10/19 09:09:54.633 [I]  交易成功
2018/10/19 09:09:54.922 [I]  交易成功
2018/10/19 09:09:55.209 [I]  交易成功
2018/10/19 09:09:55.508 [I]  交易成功
2018/10/19 09:09:55.819 [I]  交易成功
2018/10/19 09:09:56.112 [I]  交易成功
2018/10/19 09:09:56.430 [I]  交易成功
2018/10/19 09:09:56.723 [I]  交易成功
2018/10/19 09:09:57.017 [I]  交易成功
2018/10/19 09:09:57.578 [I]  交易成功
2018/10/19 09:09:57.872 [I]  交易成功
2018/10/19 09:09:58.183 [I]  交易成功
2018/10/19 09:09:58.475 [I]  交易成功
2018/10/19 09:09:58.758 [I]  交易成功
2018/10/19 09:09:59.049 [I]  交易成功
2018/10/19 09:09:59.351 [I]  交易成功
2018/10/19 09:09:59.660 [I]  交易成功
2018/10/19 09:09:59.955 [I]  交易成功
2018/10/19 09:10:00.252 [I]  交易成功
2018/10/19 09:10:00.543 [I]  交易成功
2018/10/19 09:10:00.838 [I]  交易成功
2018/10/19 09:10:01.144 [I]  交易成功
2018/10/19 09:10:01.500 [I]  交易成功
2018/10/19 09:10:01.811 [I]  交易成功
2018/10/19 09:10:02.368 [I]  交易成功
2018/10/19 09:10:02.726 [I]  交易成功
2018/10/19 09:10:03.038 [I]  交易成功
2018/10/19 09:10:03.350 [I]  交易成功
2018/10/19 09:10:03.673 [I]  交易成功
2018/10/19 09:10:03.987 [I]  交易成功
2018/10/19 09:10:04.300 [I]  交易成功
2018/10/19 09:10:04.616 [I]  交易成功
2018/10/19 09:10:04.942 [I]  交易成功
2018/10/19 09:10:05.508 [I]  交易成功
2018/10/19 09:10:05.867 [I]  交易成功
2018/10/19 09:10:06.458 [I]  交易成功
2018/10/19 09:10:06.809 [I]  交易成功
2018/10/19 09:10:07.121 [I]  交易成功
2018/10/19 09:10:07.450 [I]  交易成功
2018/10/19 09:10:07.769 [I]  交易成功
2018/10/19 09:10:08.126 [I]  交易成功
2018/10/19 09:10:08.494 [I]  交易成功
2018/10/19 09:10:08.821 [I]  交易成功
2018/10/19 09:10:09.144 [I]  交易成功
2018/10/19 09:10:09.465 [I]  交易成功
2018/10/19 09:10:09.787 [I]  交易成功
2018/10/19 09:10:10.130 [I]  交易成功
2018/10/19 09:10:10.493 [I]  交易成功
2018/10/19 09:10:11.312 [I]  交易成功
2018/10/19 09:10:11.721 [I]  交易成功
2018/10/19 09:10:12.348 [I]  交易成功
2018/10/19 09:10:12.662 [I]  交易成功
2018/10/19 09:10:12.992 [I]  交易成功
2018/10/19 09:10:13.323 [I]  交易成功
2018/10/19 09:10:13.658 [I]  交易成功
2018/10/19 09:10:13.987 [I]  交易成功
2018/10/19 09:10:14.504 [I]  交易成功
2018/10/19 09:10:15.121 [I]  交易成功
2018/10/19 09:10:15.487 [I]  交易成功
2018/10/19 09:10:16.117 [I]  交易成功
2018/10/19 09:10:16.457 [I]  交易成功
2018/10/19 09:10:16.780 [I]  交易成功
2018/10/19 09:10:17.103 [I]  交易成功
2018/10/19 09:10:17.437 [I]  交易成功
2018/10/19 09:10:17.765 [I]  交易成功
2018/10/19 09:10:18.098 [I]  交易成功
2018/10/19 09:10:18.436 [I]  交易成功
2018/10/19 09:10:18.773 [I]  交易成功
2018/10/19 09:10:19.400 [I]  交易成功
2018/10/19 09:10:19.999 [I]  交易成功
2018/10/19 09:10:20.438 [I]  交易成功
2018/10/19 09:10:20.784 [I]  交易成功
2018/10/19 09:10:21.111 [I]  交易成功
2018/10/19 09:10:21.854 [I]  交易成功
2018/10/19 09:10:22.178 [I]  交易成功
2018/10/19 09:10:22.501 [I]  交易成功
2018/10/19 09:10:23.672 [I]  交易成功
2018/10/19 09:10:23.997 [I]  交易成功
2018/10/19 09:10:24.337 [I]  交易成功
2018/10/19 09:10:24.655 [I]  交易成功
2018/10/19 09:10:25.496 [I]  交易成功
2018/10/19 09:10:25.845 [I]  交易成功
2018/10/19 09:10:26.179 [I]  交易成功
2018/10/19 09:10:26.497 [I]  交易成功
2018/10/19 09:10:26.831 [I]  交易成功
2018/10/19 09:10:27.438 [I]  交易成功
2018/10/19 09:10:27.773 [I]  交易成功
2018/10/19 09:10:28.095 [I]  交易成功
2018/10/19 09:10:28.416 [I]  交易成功
2018/10/19 09:10:28.735 [I]  交易成功
2018/10/19 09:10:29.068 [I]  交易成功
2018/10/19 09:10:29.389 [I]  交易成功
2018/10/19 09:10:29.715 [I]  交易成功
2018/10/19 09:10:30.040 [I]  交易成功
2018/10/19 09:10:30.864 [I]  交易成功
2018/10/19 09:10:31.190 [I]  交易成功
2018/10/19 09:10:31.768 [I]  交易成功
2018/10/19 09:10:32.090 [I]  交易成功
2018/10/19 09:10:32.420 [I]  交易成功
2018/10/19 09:10:32.738 [I]  交易成功
2018/10/19 09:10:33.100 [I]  交易成功
2018/10/19 09:10:33.748 [I]  交易成功
2018/10/19 09:10:34.064 [I]  交易成功
2018/10/19 09:10:34.388 [I]  交易成功
2018/10/19 09:10:34.712 [I]  交易成功
2018/10/19 09:10:35.058 [I]  交易成功
2018/10/19 09:10:35.393 [I]  交易成功
2018/10/19 09:10:35.990 [I]  交易成功
2018/10/19 09:10:37.235 [I]  交易成功
2018/10/19 09:10:37.550 [I]  交易成功
2018/10/19 09:10:38.447 [I]  交易成功
2018/10/19 09:10:38.766 [I]  交易成功
2018/10/19 09:10:39.104 [I]  交易成功
2018/10/19 09:10:39.434 [I]  交易成功
2018/10/19 09:10:39.759 [I]  交易成功
2018/10/19 09:10:40.581 [I]  交易成功
2018/10/19 09:10:40.916 [I]  交易成功
2018/10/19 09:10:41.268 [I]  交易成功
2018/10/19 09:10:41.597 [I]  交易成功
2018/10/19 09:10:42.427 [I]  交易成功
2018/10/19 09:10:43.033 [I]  交易成功
2018/10/19 09:10:43.351 [I]  交易成功
2018/10/19 09:10:43.674 [I]  交易成功
2018/10/19 09:10:44.007 [I]  交易成功
2018/10/19 09:10:44.343 [I]  交易成功
2018/10/19 09:10:44.668 [I]  交易成功
2018/10/19 09:10:44.994 [I]  交易成功
2018/10/19 09:10:45.312 [I]  交易成功
2018/10/19 09:10:45.639 [I]  交易成功
2018/10/19 09:10:45.941 [I]  交易成功
2018/10/19 09:10:46.290 [I]  交易成功
2018/10/19 09:10:46.956 [I]  交易成功
2018/10/19 09:10:47.587 [I]  交易成功
2018/10/19 09:10:48.512 [I]  交易成功
2018/10/19 09:10:48.838 [I]  交易成功
2018/10/19 09:10:49.495 [I]  交易成功
2018/10/19 09:10:49.771 [I]  交易成功
2018/10/19 09:10:50.042 [I]  交易成功
2018/10/19 09:10:50.312 [I]  交易成功
2018/10/19 09:10:50.864 [I]  交易成功
2018/10/19 09:10:51.140 [I]  交易成功
2018/10/19 09:10:51.417 [I]  交易成功
2018/10/19 09:10:51.692 [I]  交易成功
2018/10/19 09:10:52.047 [I]  交易成功
2018/10/19 09:10:52.595 [I]  交易成功
2018/10/19 09:10:52.843 [I]  交易成功
2018/10/19 09:10:53.104 [I]  交易成功
2018/10/19 09:10:53.794 [I]  交易成功
2018/10/19 09:10:54.060 [I]  交易成功
2018/10/19 09:10:54.332 [I]  交易成功
2018/10/19 09:10:54.605 [I]  交易成功
2018/10/19 09:10:54.879 [I]  交易成功
2018/10/19 09:10:55.205 [I]  交易成功
2018/10/19 09:10:55.490 [I]  交易成功
2018/10/19 09:10:56.020 [I]  交易成功
2018/10/19 09:10:56.307 [I]  交易成功
2018/10/19 09:10:56.587 [I]  交易成功
2018/10/19 09:10:57.734 [I]  交易成功
2018/10/19 09:10:57.994 [I]  交易成功
2018/10/19 09:10:58.964 [I]  交易成功
2018/10/19 09:11:00.050 [I]  交易成功
2018/10/19 09:11:00.321 [I]  交易成功
2018/10/19 09:11:00.608 [I]  交易成功
2018/10/19 09:11:01.142 [I]  交易成功
2018/10/19 09:11:01.418 [I]  交易成功
2018/10/19 09:11:01.689 [I]  交易成功
2018/10/19 09:11:01.954 [I]  交易成功
2018/10/19 09:11:02.215 [I]  交易成功
2018/10/19 09:11:02.491 [I]  交易成功
2018/10/19 09:11:02.760 [I]  交易成功
2018/10/19 09:11:04.083 [I]  交易成功
2018/10/19 09:11:05.240 [I]  交易成功
