2018/11/14 11:06:45.075 [E] [initRobot.go:27]  create trade result tables success
2018/11/14 11:06:45.075 [I] [main.go:14]  init Accounts success
2018/11/14 11:06:45.075 [D] [proc.go:198]  init conf succ
2018/11/14 11:06:45.080 [I] [asm_amd64.s:2361]  http server Running on http://:8080
2018/11/14 11:06:57.282 [D] [server.go:2694]  |      127.0.0.1|[42m 200 [0m| 2.344837925s|   match|[46m POST    [0m /robot/add   r:/robot/add
2018/11/14 11:07:00.052 [D] [server.go:2694]  |      127.0.0.1|[42m 200 [0m|     89.854Âµs|   match|[44m GET     [0m /robot/start   r:/robot/start
2018/11/14 11:07:02.331 [I] [ZGDataHandle.go:83]  dealIds: [1708253 1708253 1708232 1708232 1708231 1708231 1708136 1708136 1708135 1708135 1708024 1708024 1708021 1708021 1707948 1707948 1707947 1707947 1707884 1707884]
2018/11/14 11:07:06.031 [I] [ZGTrade.go:46]  ZGæŒ‚å•æˆåŠŸ
2018/11/14 11:07:06.032 [I] [server.go:12]  MT_CNT ZTæŒ‚å•ä»·æ ¼ï¼š0.0262  æ•°é‡ï¼š83.2700

2018/11/14 11:07:06.494 [I] [ZGTrade.go:46]  ZGæŒ‚å•æˆåŠŸ
2018/11/14 11:07:06.494 [I] [server.go:12]  MT_CNT ZTæŒ‚å•ä»·æ ¼ï¼š0.0265  æ•°é‡ï¼š266.5900

2018/11/14 11:07:07.275 [I] [ZGTrade.go:46]  ZGæŒ‚å•æˆåŠŸ
2018/11/14 11:07:07.275 [I] [server.go:12]  MT_CNT ZTæŒ‚å•ä»·æ ¼ï¼š0.0265  æ•°é‡ï¼š520.0800

2018/11/14 11:07:07.740 [I] [ZGTrade.go:46]  ZGæŒ‚å•æˆåŠŸ
2018/11/14 11:07:07.740 [I] [server.go:12]  MT_CNT ZTæŒ‚å•ä»·æ ¼ï¼š0.0265  æ•°é‡ï¼š520.0800

2018/11/14 11:07:08.708 [I] [ZGDataHandle.go:83]  dealIds: [1708312 1708312]
2018/11/14 11:07:08.708 [I] [ZGTrade.go:46]  ZGæŒ‚å•æˆåŠŸ
2018/11/14 11:07:08.708 [I] [server.go:12]  MT_CNT ZTæŒ‚å•ä»·æ ¼ï¼š0.0265  æ•°é‡ï¼š4510.0000

2018/11/14 11:07:09.184 [I] [ZGTrade.go:46]  ZGæŒ‚å•æˆåŠŸ
2018/11/14 11:07:09.184 [I] [server.go:12]  MT_CNT ZTæŒ‚å•ä»·æ ¼ï¼š0.0262  æ•°é‡ï¼š100.1000

2018/11/14 11:07:09.964 [I] [ZGTrade.go:46]  ZGæŒ‚å•æˆåŠŸ
2018/11/14 11:07:09.964 [I] [server.go:12]  MT_CNT ZTæŒ‚å•ä»·æ ¼ï¼š0.0262  æ•°é‡ï¼š53.4200

2018/11/14 11:07:10.105 [I] [ZGDataHandle.go:83]  dealIds: [1708314 1708314 1708313 1708313]
2018/11/14 11:07:10.773 [I] [ZGTrade.go:46]  ZGæŒ‚å•æˆåŠŸ
2018/11/14 11:07:10.773 [I] [server.go:12]  MT_CNT ZTæŒ‚å•ä»·æ ¼ï¼š0.0265  æ•°é‡ï¼š520.3800

2018/11/14 11:07:11.074 [I] [ZGTrade.go:100]  å–æ¶ˆè®¢å•æˆåŠŸ
2018/11/14 11:07:11.074 [I] [ZGTrade.go:100]  cancelNum: 1
2018/11/14 11:07:11.254 [I] [ZGTrade.go:46]  ZGæŒ‚å•æˆåŠŸ
2018/11/14 11:07:11.254 [I] [server.go:12]  MT_CNT ZTæŒ‚å•ä»·æ ¼ï¼š0.0264  æ•°é‡ï¼š6633.0000

2018/11/14 11:07:11.385 [I] [ZGTrade.go:100]  å–æ¶ˆè®¢å•æˆåŠŸ
2018/11/14 11:07:11.385 [I] [ZGTrade.go:100]  cancelNum: 2
2018/11/14 11:07:11.804 [I] [ZGTrade.go:100]  å–æ¶ˆè®¢å•æˆåŠŸ
2018/11/14 11:07:11.805 [I] [ZGTrade.go:100]  cancelNum: 3
2018/11/14 11:07:11.806 [I] [ZGTrade.go:46]  ZGæŒ‚å•æˆåŠŸ
2018/11/14 11:07:11.806 [I] [server.go:12]  MT_CNT ZTæŒ‚å•ä»·æ ¼ï¼š0.0262  æ•°é‡ï¼š1.1400

2018/11/14 11:07:12.149 [I] [ZGTrade.go:100]  å–æ¶ˆè®¢å•æˆåŠŸ
2018/11/14 11:07:12.150 [I] [ZGTrade.go:100]  cancelNum: 4
2018/11/14 11:07:12.260 [I] [ZGTrade.go:46]  ZGæŒ‚å•æˆåŠŸ
2018/11/14 11:07:12.261 [I] [server.go:12]  MT_CNT ZTæŒ‚å•ä»·æ ¼ï¼š0.0257  æ•°é‡ï¼š6546.0000

2018/11/14 11:07:13.180 [I] [ZGDataHandle.go:83]  dealIds: [1708315 1708315]
2018/11/14 11:07:17.058 [I] [ZGTrade.go:100]  å–æ¶ˆè®¢å•æˆåŠŸ
2018/11/14 11:07:17.060 [I] [ZGTrade.go:100]  cancelNum: 5
2018/11/14 11:07:17.419 [I] [ZGTrade.go:100]  å–æ¶ˆè®¢å•æˆåŠŸ
2018/11/14 11:07:17.419 [I] [ZGTrade.go:100]  cancelNum: 6
2018/11/14 11:07:18.186 [I] [ZGTrade.go:100]  å–æ¶ˆè®¢å•æˆåŠŸ
2018/11/14 11:07:18.186 [I] [ZGTrade.go:100]  cancelNum: 7
2018/11/14 11:07:24.851 [I] [ZGTrade.go:46]  ZGæŒ‚å•æˆåŠŸ
2018/11/14 11:07:24.851 [I] [server.go:12]  MT_CNT ZTæŒ‚å•ä»·æ ¼ï¼š0.0262  æ•°é‡ï¼š520.9000

2018/11/14 11:07:25.462 [I] [ZGDataHandle.go:83]  dealIds: [1708323 1708323]
2018/11/14 11:07:46.193 [I] [ZGTrade.go:46]  ZGæŒ‚å•æˆåŠŸ
2018/11/14 11:07:46.193 [I] [server.go:12]  MT_CNT ZTæŒ‚å•ä»·æ ¼ï¼š0.0262  æ•°é‡ï¼š36.9300

2018/11/14 11:07:47.461 [I] [ZGDataHandle.go:83]  dealIds: [1708336 1708336]
2018/11/14 11:07:57.733 [I] [ZGTrade.go:46]  ZGæŒ‚å•æˆåŠŸ
2018/11/14 11:07:57.735 [I] [server.go:12]  MT_CNT ZTæŒ‚å•ä»·æ ¼ï¼š0.0262  æ•°é‡ï¼š4.2400

2018/11/14 11:07:58.812 [I] [ZGDataHandle.go:83]  dealIds: [1708354 1708354]
2018/11/14 11:08:08.083 [I] [ZGTrade.go:46]  ZGæŒ‚å•æˆåŠŸ
2018/11/14 11:08:08.083 [I] [server.go:12]  MT_CNT ZTæŒ‚å•ä»·æ ¼ï¼š0.0259  æ•°é‡ï¼š7250.0000

2018/11/14 11:08:10.753 [I] [ZGTrade.go:100]  å–æ¶ˆè®¢å•æˆåŠŸ
2018/11/14 11:08:10.753 [I] [ZGTrade.go:100]  cancelNum: 8
2018/11/14 11:08:11.905 [I] [ZGTrade.go:46]  ZGæŒ‚å•æˆåŠŸ
2018/11/14 11:08:11.905 [I] [server.go:12]  MT_CNT ZTæŒ‚å•ä»·æ ¼ï¼š0.0273  æ•°é‡ï¼š520.9700

2018/11/14 11:08:15.557 [I] [ZGTrade.go:100]  å–æ¶ˆè®¢å•æˆåŠŸ
2018/11/14 11:08:15.557 [I] [ZGTrade.go:100]  cancelNum: 9
2018/11/14 11:08:55.253 [I] [ZGTrade.go:46]  ZGæŒ‚å•æˆåŠŸ
2018/11/14 11:08:55.253 [I] [server.go:12]  MT_CNT ZTæŒ‚å•ä»·æ ¼ï¼š0.0262  æ•°é‡ï¼š445.7300

2018/11/14 11:08:55.404 [I] [ZGDataHandle.go:83]  dealIds: [1708399 1708399]
2018/11/14 11:09:11.339 [I] [ZGTrade.go:46]  ZGæŒ‚å•æˆåŠŸ
2018/11/14 11:09:11.340 [I] [server.go:12]  MT_CNT ZTæŒ‚å•ä»·æ ¼ï¼š0.0265  æ•°é‡ï¼š1.4800

2018/11/14 11:09:13.221 [I] [ZGTrade.go:100]  å–æ¶ˆè®¢å•æˆåŠŸ
2018/11/14 11:09:13.221 [I] [ZGTrade.go:100]  cancelNum: 10
2018/11/14 11:09:18.937 [I] [ZGTrade.go:46]  ZGæŒ‚å•æˆåŠŸ
2018/11/14 11:09:18.939 [I] [server.go:12]  MT_CNT ZTæŒ‚å•ä»·æ ¼ï¼š0.0265  æ•°é‡ï¼š7565.0000

2018/11/14 11:09:22.885 [I] [ZGTrade.go:100]  å–æ¶ˆè®¢å•æˆåŠŸ
2018/11/14 11:09:22.886 [I] [ZGTrade.go:100]  cancelNum: 11
2018/11/14 11:10:15.228 [I] [ZGTrade.go:46]  ZGæŒ‚å•æˆåŠŸ
2018/11/14 11:10:15.230 [I] [server.go:12]  MT_CNT ZTæŒ‚å•ä»·æ ¼ï¼š0.0269  æ•°é‡ï¼š520.4900

2018/11/14 11:10:15.704 [I] [ZGTrade.go:46]  ZGæŒ‚å•æˆåŠŸ
2018/11/14 11:10:15.704 [I] [server.go:12]  MT_CNT ZTæŒ‚å•ä»·æ ¼ï¼š0.0269  æ•°é‡ï¼š520.4900

2018/11/14 11:10:16.454 [I] [ZGTrade.go:100]  å–æ¶ˆè®¢å•æˆåŠŸ
2018/11/14 11:10:16.455 [I] [ZGTrade.go:100]  cancelNum: 12
2018/11/14 11:10:16.790 [I] [ZGTrade.go:100]  å–æ¶ˆè®¢å•æˆåŠŸ
2018/11/14 11:10:16.790 [I] [ZGTrade.go:100]  cancelNum: 13
2018/11/14 11:10:28.760 [I] [ZGTrade.go:46]  ZGæŒ‚å•æˆåŠŸ
2018/11/14 11:10:28.760 [I] [server.go:12]  MT_CNT ZTæŒ‚å•ä»·æ ¼ï¼š0.0265  æ•°é‡ï¼š4331.0000

2018/11/14 11:10:30.503 [I] [ZGTrade.go:100]  å–æ¶ˆè®¢å•æˆåŠŸ
2018/11/14 11:10:30.503 [I] [ZGTrade.go:100]  cancelNum: 14
2018/11/14 11:10:50.695 [I] [ZGTrade.go:46]  ZGæŒ‚å•æˆåŠŸ
2018/11/14 11:10:50.697 [I] [server.go:12]  MT_CNT ZTæŒ‚å•ä»·æ ¼ï¼š0.0262  æ•°é‡ï¼š514.9800

2018/11/14 11:10:51.461 [I] [ZGDataHandle.go:83]  dealIds: [1708469 1708469]
2018/11/14 11:11:08.911 [I] [ZGTrade.go:46]  ZGæŒ‚å•æˆåŠŸ
2018/11/14 11:11:08.912 [I] [server.go:12]  MT_CNT ZTæŒ‚å•ä»·æ ¼ï¼š0.0255  æ•°é‡ï¼š200.7800

2018/11/14 11:11:09.446 [I] [ZGTrade.go:46]  ZGæŒ‚å•æˆåŠŸ
2018/11/14 11:11:09.446 [I] [server.go:12]  MT_CNT ZTæŒ‚å•ä»·æ ¼ï¼š0.0273  æ•°é‡ï¼š113.9500

2018/11/14 11:11:11.253 [I] [ZGTrade.go:100]  å–æ¶ˆè®¢å•æˆåŠŸ
2018/11/14 11:11:11.254 [I] [ZGTrade.go:100]  cancelNum: 15
2018/11/14 11:11:11.565 [I] [ZGTrade.go:100]  å–æ¶ˆè®¢å•æˆåŠŸ
2018/11/14 11:11:11.565 [I] [ZGTrade.go:100]  cancelNum: 16
2018/11/14 11:11:23.741 [I] [ZGTrade.go:46]  ZGæŒ‚å•æˆåŠŸ
2018/11/14 11:11:23.742 [I] [server.go:12]  MT_CNT ZTæŒ‚å•ä»·æ ¼ï¼š0.0271  æ•°é‡ï¼š28.6000

2018/11/14 11:11:24.221 [I] [ZGTrade.go:46]  ZGæŒ‚å•æˆåŠŸ
2018/11/14 11:11:24.221 [I] [server.go:12]  MT_CNT ZTæŒ‚å•ä»·æ ¼ï¼š0.0271  æ•°é‡ï¼š305.6200

2018/11/14 11:11:25.322 [I] [ZGTrade.go:100]  å–æ¶ˆè®¢å•æˆåŠŸ
2018/11/14 11:11:25.325 [I] [ZGTrade.go:100]  cancelNum: 17
2018/11/14 11:11:25.743 [I] [ZGTrade.go:100]  å–æ¶ˆè®¢å•æˆåŠŸ
2018/11/14 11:11:25.743 [I] [ZGTrade.go:100]  cancelNum: 18
2018/11/14 11:11:31.329 [I] [ZGTrade.go:46]  ZGæŒ‚å•æˆåŠŸ
2018/11/14 11:11:31.329 [I] [server.go:12]  MT_CNT ZTæŒ‚å•ä»·æ ¼ï¼š0.0268  æ•°é‡ï¼š13.3500

2018/11/14 11:11:31.952 [I] [ZGTrade.go:46]  ZGæŒ‚å•æˆåŠŸ
2018/11/14 11:11:31.952 [I] [server.go:12]  MT_CNT ZTæŒ‚å•ä»·æ ¼ï¼š0.0259  æ•°é‡ï¼š12.3700

2018/11/14 11:11:35.262 [I] [ZGTrade.go:100]  å–æ¶ˆè®¢å•æˆåŠŸ
2018/11/14 11:11:35.262 [I] [ZGTrade.go:100]  cancelNum: 19
2018/11/14 11:11:35.576 [I] [ZGTrade.go:100]  å–æ¶ˆè®¢å•æˆåŠŸ
2018/11/14 11:11:35.578 [I] [ZGTrade.go:100]  cancelNum: 20
2018/11/14 11:11:40.207 [I] [ZGTrade.go:46]  ZGæŒ‚å•æˆåŠŸ
2018/11/14 11:11:40.208 [I] [server.go:12]  MT_CNT ZTæŒ‚å•ä»·æ ¼ï¼š0.0262  æ•°é‡ï¼š4123.0000

2018/11/14 11:11:45.180 [I] [ZGTrade.go:100]  å–æ¶ˆè®¢å•æˆåŠŸ
2018/11/14 11:11:45.180 [I] [ZGTrade.go:100]  cancelNum: 21
2018/11/14 11:12:01.984 [I] [ZGTrade.go:46]  ZGæŒ‚å•æˆåŠŸ
2018/11/14 11:12:01.984 [I] [server.go:12]  MT_CNT ZTæŒ‚å•ä»·æ ¼ï¼š0.0262  æ•°é‡ï¼š518.3000

2018/11/14 11:12:03.305 [I] [ZGDataHandle.go:83]  dealIds: [1708503 1708503]
2018/11/14 11:12:08.346 [I] [ZGTrade.go:46]  ZGæŒ‚å•æˆåŠŸ
2018/11/14 11:12:08.348 [I] [server.go:12]  MT_CNT ZTæŒ‚å•ä»·æ ¼ï¼š0.0262  æ•°é‡ï¼š1.2100

2018/11/14 11:12:08.958 [I] [ZGDataHandle.go:83]  dealIds: [1708507 1708507]
2018/11/14 11:12:34.575 [I] [ZGTrade.go:46]  ZGæŒ‚å•æˆåŠŸ
2018/11/14 11:12:34.575 [I] [server.go:12]  MT_CNT ZTæŒ‚å•ä»·æ ¼ï¼š0.0260  æ•°é‡ï¼š1.7800

2018/11/14 11:12:39.484 [I] [ZGTrade.go:100]  å–æ¶ˆè®¢å•æˆåŠŸ
2018/11/14 11:12:39.485 [I] [ZGTrade.go:100]  cancelNum: 22
2018/11/14 11:12:54.831 [I] [ZGTrade.go:46]  ZGæŒ‚å•æˆåŠŸ
2018/11/14 11:12:54.832 [I] [server.go:12]  MT_CNT ZTæŒ‚å•ä»·æ ¼ï¼š0.0257  æ•°é‡ï¼š6234.0000

2018/11/14 11:12:58.122 [I] [ZGTrade.go:100]  å–æ¶ˆè®¢å•æˆåŠŸ
2018/11/14 11:12:58.124 [I] [ZGTrade.go:100]  cancelNum: 23
2018/11/14 11:13:15.645 [I] [ZGTrade.go:46]  ZGæŒ‚å•æˆåŠŸ
2018/11/14 11:13:15.646 [I] [server.go:12]  MT_CNT ZTæŒ‚å•ä»·æ ¼ï¼š0.0273  æ•°é‡ï¼š514.4400

2018/11/14 11:13:16.589 [I] [ZGTrade.go:100]  å–æ¶ˆè®¢å•æˆåŠŸ
2018/11/14 11:13:16.589 [I] [ZGTrade.go:100]  cancelNum: 24
2018/11/14 11:13:54.450 [I] [ZGTrade.go:46]  ZGæŒ‚å•æˆåŠŸ
2018/11/14 11:13:54.450 [I] [server.go:12]  MT_CNT ZTæŒ‚å•ä»·æ ¼ï¼š0.0260  æ•°é‡ï¼š4114.0000

2018/11/14 11:13:56.582 [I] [ZGTrade.go:100]  å–æ¶ˆè®¢å•æˆåŠŸ
2018/11/14 11:13:56.583 [I] [ZGTrade.go:100]  cancelNum: 25
2018/11/14 11:14:00.724 [I] [ZGTrade.go:46]  ZGæŒ‚å•æˆåŠŸ
2018/11/14 11:14:00.726 [I] [server.go:12]  MT_CNT ZTæŒ‚å•ä»·æ ¼ï¼š0.0271  æ•°é‡ï¼š518.1800

2018/11/14 11:14:01.431 [I] [ZGTrade.go:100]  å–æ¶ˆè®¢å•æˆåŠŸ
2018/11/14 11:14:01.433 [I] [ZGTrade.go:100]  cancelNum: 26
2018/11/14 11:14:10.378 [I] [ZGTrade.go:46]  ZGæŒ‚å•æˆåŠŸ
2018/11/14 11:14:10.378 [I] [server.go:12]  MT_CNT ZTæŒ‚å•ä»·æ ¼ï¼š0.0270  æ•°é‡ï¼š178.4800

2018/11/14 11:14:14.705 [I] [ZGTrade.go:100]  å–æ¶ˆè®¢å•æˆåŠŸ
2018/11/14 11:14:14.705 [I] [ZGTrade.go:100]  cancelNum: 27
2018/11/14 11:14:24.494 [I] [ZGTrade.go:46]  ZGæŒ‚å•æˆåŠŸ
2018/11/14 11:14:24.495 [I] [server.go:12]  MT_CNT ZTæŒ‚å•ä»·æ ¼ï¼š0.0262  æ•°é‡ï¼š369.5000

2018/11/14 11:14:25.762 [I] [ZGDataHandle.go:83]  dealIds: [1708575 1708575]
2018/11/14 11:14:50.715 [I] [ZGTrade.go:46]  ZGæŒ‚å•æˆåŠŸ
2018/11/14 11:14:50.717 [I] [server.go:12]  MT_CNT ZTæŒ‚å•ä»·æ ¼ï¼š0.0258  æ•°é‡ï¼š3791.0000

2018/11/14 11:14:54.809 [I] [ZGTrade.go:100]  å–æ¶ˆè®¢å•æˆåŠŸ
2018/11/14 11:14:54.811 [I] [ZGTrade.go:100]  cancelNum: 28
2018/11/14 11:14:59.430 [I] [ZGTrade.go:46]  ZGæŒ‚å•æˆåŠŸ
2018/11/14 11:14:59.433 [I] [server.go:12]  MT_CNT ZTæŒ‚å•ä»·æ ¼ï¼š0.0264  æ•°é‡ï¼š513.8600

2018/11/14 11:14:59.791 [I] [ZGDataHandle.go:83]  dealIds: [1708596 1708596]
2018/11/14 11:15:36.996 [E] [initRobot.go:27]  create trade result tables success
2018/11/14 11:15:36.996 [I] [main.go:14]  init Accounts success
2018/11/14 11:15:36.996 [D] [proc.go:198]  init conf succ
2018/11/14 11:15:37.002 [I] [asm_amd64.s:2361]  http server Running on http://:8080
2018/11/14 11:15:46.556 [D] [server.go:2694]  |      127.0.0.1|[42m 200 [0m|    120.209Âµs|   match|[44m GET     [0m /robot/start   r:/robot/start
2018/11/14 11:15:46.574 [D] [server.go:2694]  |      127.0.0.1|[42m 200 [0m| 3.059215514s|   match|[46m POST    [0m /robot/add   r:/robot/add
2018/11/14 11:15:52.633 [D] [server.go:2694]  |      127.0.0.1|[42m 200 [0m|     94.554Âµs|   match|[44m GET     [0m /robot/start   r:/robot/start
2018/11/14 11:15:55.295 [I] [ZGDataHandle.go:83]  dealIds: [1708596 1708596 1708575 1708575 1708507 1708507 1708503 1708503 1708469 1708469 1708399 1708399 1708354 1708354 1708336 1708336 1708323 1708323 1708315 1708315]
2018/11/14 11:15:57.918 [I] [ZGTrade.go:46]  ZGæŒ‚å•æˆåŠŸ
2018/11/14 11:15:57.919 [I] [server.go:12]  MT_CNT ZTæŒ‚å•ä»·æ ¼ï¼š0.0262  æ•°é‡ï¼š351.0900

2018/11/14 11:15:58.394 [I] [ZGTrade.go:46]  ZGæŒ‚å•æˆåŠŸ
2018/11/14 11:15:58.394 [I] [server.go:12]  MT_CNT ZTæŒ‚å•ä»·æ ¼ï¼š0.0262  æ•°é‡ï¼š514.4100

2018/11/14 11:15:58.876 [I] [ZGTrade.go:46]  ZGæŒ‚å•æˆåŠŸ
2018/11/14 11:15:58.880 [I] [server.go:12]  MT_CNT ZTæŒ‚å•ä»·æ ¼ï¼š0.0263  æ•°é‡ï¼š4710.0000

2018/11/14 11:15:59.354 [I] [ZGTrade.go:46]  ZGæŒ‚å•æˆåŠŸ
2018/11/14 11:15:59.354 [I] [server.go:12]  MT_CNT ZTæŒ‚å•ä»·æ ¼ï¼š0.0264  æ•°é‡ï¼š513.8600

2018/11/14 11:15:59.649 [I] [ZGDataHandle.go:83]  dealIds: [1708638 1708638]
2018/11/14 11:15:59.846 [I] [ZGTrade.go:46]  ZGæŒ‚å•æˆåŠŸ
2018/11/14 11:15:59.846 [I] [server.go:12]  MT_CNT ZTæŒ‚å•ä»·æ ¼ï¼š0.0263  æ•°é‡ï¼š3791.0000

2018/11/14 11:16:00.358 [I] [ZGTrade.go:46]  ZGæŒ‚å•æˆåŠŸ
2018/11/14 11:16:00.358 [I] [server.go:12]  MT_CNT ZTæŒ‚å•ä»·æ ¼ï¼š0.0264  æ•°é‡ï¼š369.5000

2018/11/14 11:16:00.851 [I] [ZGTrade.go:46]  ZGæŒ‚å•æˆåŠŸ
2018/11/14 11:16:00.852 [I] [server.go:12]  MT_CNT ZTæŒ‚å•ä»·æ ¼ï¼š0.0265  æ•°é‡ï¼š178.4800

2018/11/14 11:16:00.962 [I] [ZGDataHandle.go:83]  dealIds: [1708641 1708641 1708640 1708640]
2018/11/14 11:16:01.341 [I] [ZGTrade.go:46]  ZGæŒ‚å•æˆåŠŸ
2018/11/14 11:16:01.341 [I] [server.go:12]  MT_CNT ZTæŒ‚å•ä»·æ ¼ï¼š0.0265  æ•°é‡ï¼š518.1800

2018/11/14 11:16:01.909 [I] [ZGTrade.go:46]  ZGæŒ‚å•æˆåŠŸ
2018/11/14 11:16:01.909 [I] [server.go:12]  MT_CNT ZTæŒ‚å•ä»·æ ¼ï¼š0.0262  æ•°é‡ï¼š4114.0000

2018/11/14 11:16:02.288 [I] [ZGDataHandle.go:83]  dealIds: [1708645 1708645]
2018/11/14 11:16:02.460 [I] [ZGTrade.go:46]  ZGæŒ‚å•æˆåŠŸ
2018/11/14 11:16:02.462 [I] [server.go:12]  MT_CNT ZTæŒ‚å•ä»·æ ¼ï¼š0.0265  æ•°é‡ï¼š514.4400

2018/11/14 11:16:03.615 [I] [ZGDataHandle.go:83]  dealIds: [1708646 1708646]
2018/11/14 11:16:18.432 [I] [ZGTrade.go:46]  ZGæŒ‚å•æˆåŠŸ
2018/11/14 11:16:18.434 [I] [server.go:12]  MT_CNT ZTæŒ‚å•ä»·æ ¼ï¼š0.0272  æ•°é‡ï¼š32.3200

2018/11/14 11:16:38.608 [I] [ZGTrade.go:46]  ZGæŒ‚å•æˆåŠŸ
2018/11/14 11:16:38.608 [I] [server.go:12]  MT_CNT ZTæŒ‚å•ä»·æ ¼ï¼š0.0265  æ•°é‡ï¼š26.6900

2018/11/14 11:16:43.807 [I] [ZGTrade.go:46]  ZGæŒ‚å•æˆåŠŸ
2018/11/14 11:16:43.807 [I] [server.go:12]  MT_CNT ZTæŒ‚å•ä»·æ ¼ï¼š0.0266  æ•°é‡ï¼š4747.0000

2018/11/14 11:16:44.634 [I] [ZGDataHandle.go:83]  dealIds: [1708662]
2018/11/14 11:16:47.102 [I] [HuobiTrade.go:44]  ç«å¸äº¤æ˜“æŒ‚å•æˆåŠŸ
2018/11/14 11:16:47.104 [I] [server.go:22]  mteth ç«å¸æŒ‚å•ä»·æ ¼ï¼š0.00001844  æ•°é‡ï¼š4.747E+03

2018/11/14 11:16:47.222 [I] [ZGTrade.go:46]  ZGæŒ‚å•æˆåŠŸ
2018/11/14 11:16:47.222 [I] [server.go:12]  MT_CNT ZTæŒ‚å•ä»·æ ¼ï¼š0.0262  æ•°é‡ï¼š519.4500

2018/11/14 11:16:47.651 [I] [ZGDataHandle.go:83]  dealIds: [1708666 1708666 1708665 1708665]
2018/11/14 11:16:48.832 [I] [HuobiTrade.go:44]  ç«å¸äº¤æ˜“æŒ‚å•æˆåŠŸ
2018/11/14 11:16:48.833 [I] [server.go:22]  mteth ç«å¸æŒ‚å•ä»·æ ¼ï¼š0.00001842  æ•°é‡ï¼š4.747E+03

2018/11/14 11:16:50.292 [I] [HuobiTrade.go:44]  ç«å¸äº¤æ˜“æŒ‚å•æˆåŠŸ
2018/11/14 11:16:50.293 [I] [server.go:22]  mteth ç«å¸æŒ‚å•ä»·æ ¼ï¼š0.00001840  æ•°é‡ï¼š4.747E+03

2018/11/14 11:16:52.473 [I] [HuobiTrade.go:44]  ç«å¸äº¤æ˜“æŒ‚å•æˆåŠŸ
2018/11/14 11:16:52.473 [I] [server.go:22]  mteth ç«å¸æŒ‚å•ä»·æ ¼ï¼š0.00001838  æ•°é‡ï¼š4.747E+03

2018/11/14 11:16:54.203 [I] [HuobiTrade.go:44]  ç«å¸äº¤æ˜“æŒ‚å•æˆåŠŸ
2018/11/14 11:16:54.203 [I] [server.go:22]  mteth ç«å¸æŒ‚å•ä»·æ ¼ï¼š0.00001836  æ•°é‡ï¼š4.747E+03

2018/11/14 11:16:56.926 [I] [HuobiTrade.go:44]  ç«å¸äº¤æ˜“æŒ‚å•æˆåŠŸ
2018/11/14 11:16:56.926 [I] [server.go:22]  mteth ç«å¸æŒ‚å•ä»·æ ¼ï¼š0.00001834  æ•°é‡ï¼š4.747E+03

2018/11/14 11:16:58.137 [I] [ZGTrade.go:46]  ZGæŒ‚å•æˆåŠŸ
2018/11/14 11:16:58.139 [I] [server.go:12]  MT_CNT ZTæŒ‚å•ä»·æ ¼ï¼š0.0262  æ•°é‡ï¼š519.0200

2018/11/14 11:16:58.362 [I] [ZGDataHandle.go:83]  dealIds: [1708673 1708673]
2018/11/14 11:16:59.049 [I] [HuobiTrade.go:44]  ç«å¸äº¤æ˜“æŒ‚å•æˆåŠŸ
2018/11/14 11:16:59.051 [I] [server.go:22]  mteth ç«å¸æŒ‚å•ä»·æ ¼ï¼š0.00001832  æ•°é‡ï¼š4.747E+03

2018/11/14 11:17:00.937 [I] [HuobiTrade.go:44]  ç«å¸äº¤æ˜“æŒ‚å•æˆåŠŸ
2018/11/14 11:17:00.937 [I] [server.go:22]  mteth ç«å¸æŒ‚å•ä»·æ ¼ï¼š0.00001830  æ•°é‡ï¼š4.747E+03

2018/11/14 11:17:03.552 [I] [HuobiTrade.go:44]  ç«å¸äº¤æ˜“æŒ‚å•æˆåŠŸ
2018/11/14 11:17:03.552 [I] [server.go:22]  mteth ç«å¸æŒ‚å•ä»·æ ¼ï¼š0.00001828  æ•°é‡ï¼š4.747E+03

2018/11/14 11:17:04.441 [I] [HuobiTrade.go:44]  ç«å¸äº¤æ˜“æŒ‚å•æˆåŠŸ
2018/11/14 11:17:04.441 [I] [server.go:22]  mteth ç«å¸æŒ‚å•ä»·æ ¼ï¼š0.00001826  æ•°é‡ï¼š4.747E+03

2018/11/14 11:17:05.904 [I] [HuobiTrade.go:44]  ç«å¸äº¤æ˜“æŒ‚å•æˆåŠŸ
2018/11/14 11:17:05.904 [I] [server.go:22]  mteth ç«å¸æŒ‚å•ä»·æ ¼ï¼š0.00001824  æ•°é‡ï¼š4.747E+03

2018/11/14 11:17:07.463 [I] [HuobiTrade.go:44]  ç«å¸äº¤æ˜“æŒ‚å•æˆåŠŸ
2018/11/14 11:17:07.463 [I] [server.go:22]  mteth ç«å¸æŒ‚å•ä»·æ ¼ï¼š0.00001822  æ•°é‡ï¼š4.747E+03

2018/11/14 11:17:10.311 [I] [HuobiTrade.go:44]  ç«å¸äº¤æ˜“æŒ‚å•æˆåŠŸ
2018/11/14 11:17:10.311 [I] [server.go:22]  mteth ç«å¸æŒ‚å•ä»·æ ¼ï¼š0.00001820  æ•°é‡ï¼š4.747E+03

2018/11/14 11:17:11.899 [I] [HuobiTrade.go:44]  ç«å¸äº¤æ˜“æŒ‚å•æˆåŠŸ
2018/11/14 11:17:11.899 [I] [server.go:22]  mteth ç«å¸æŒ‚å•ä»·æ ¼ï¼š0.00001818  æ•°é‡ï¼š4.747E+03

2018/11/14 11:17:14.100 [I] [HuobiTrade.go:44]  ç«å¸äº¤æ˜“æŒ‚å•æˆåŠŸ
2018/11/14 11:17:14.100 [I] [server.go:22]  mteth ç«å¸æŒ‚å•ä»·æ ¼ï¼š0.00001816  æ•°é‡ï¼š4.747E+03

2018/11/14 11:17:15.836 [I] [HuobiTrade.go:44]  ç«å¸äº¤æ˜“æŒ‚å•æˆåŠŸ
2018/11/14 11:17:15.836 [I] [server.go:22]  mteth ç«å¸æŒ‚å•ä»·æ ¼ï¼š0.00001814  æ•°é‡ï¼š4.747E+03

2018/11/14 11:17:17.395 [I] [HuobiTrade.go:44]  ç«å¸äº¤æ˜“æŒ‚å•æˆåŠŸ
2018/11/14 11:17:17.395 [I] [server.go:22]  mteth ç«å¸æŒ‚å•ä»·æ ¼ï¼š0.00001812  æ•°é‡ï¼š4.747E+03

2018/11/14 11:17:19.294 [I] [HuobiTrade.go:44]  ç«å¸äº¤æ˜“æŒ‚å•æˆåŠŸ
2018/11/14 11:17:19.295 [I] [server.go:22]  mteth ç«å¸æŒ‚å•ä»·æ ¼ï¼š0.00001810  æ•°é‡ï¼š4.747E+03

2018/11/14 11:17:19.637 [I] [ZGTrade.go:46]  ZGæŒ‚å•æˆåŠŸ
2018/11/14 11:17:19.637 [I] [server.go:12]  MT_CNT ZTæŒ‚å•ä»·æ ¼ï¼š0.0260  æ•°é‡ï¼š1.9400

2018/11/14 11:17:21.039 [I] [HuobiTrade.go:44]  ç«å¸æŒ‚å•å¤±è´¥
2018/11/14 11:17:21.039 [I] [server.go:22]  mteth ç«å¸æŒ‚å•ä»·æ ¼ï¼š0.00001808  æ•°é‡ï¼š3.4704300000000003E+03

2018/11/14 11:17:21.306 [I] [ZGDataHandle.go:83]  dealIds: [1708682 1708682]
2018/11/14 11:17:21.474 [I] [ZGTrade.go:46]  ZGæŒ‚å•æˆåŠŸ
2018/11/14 11:17:21.474 [I] [server.go:12]  MT_CNT ZTæŒ‚å•ä»·æ ¼ï¼š0.0261  æ•°é‡ï¼š724.5100

2018/11/14 11:17:21.954 [I] [ZGTrade.go:46]  ZGæŒ‚å•æˆåŠŸ
2018/11/14 11:17:21.955 [I] [server.go:12]  MT_CNT ZTæŒ‚å•ä»·æ ¼ï¼š0.0262  æ•°é‡ï¼š552.0600

2018/11/14 11:17:22.610 [I] [ZGDataHandle.go:83]  dealIds: [1708685 1708685]
2018/11/14 11:17:22.684 [I] [ZGTrade.go:46]  ZGæŒ‚å•æˆåŠŸ
2018/11/14 11:17:22.684 [I] [server.go:12]  MT_CNT ZTæŒ‚å•ä»·æ ¼ï¼š0.0267  æ•°é‡ï¼š724.5100

2018/11/14 11:17:23.168 [I] [ZGTrade.go:46]  ZGæŒ‚å•æˆåŠŸ
2018/11/14 11:17:23.169 [I] [server.go:12]  MT_CNT ZTæŒ‚å•ä»·æ ¼ï¼š0.0261  æ•°é‡ï¼š4747.0000

2018/11/14 11:17:23.820 [I] [ZGTrade.go:46]  ZGæŒ‚å•æˆåŠŸ
2018/11/14 11:17:23.822 [I] [server.go:12]  MT_CNT ZTæŒ‚å•ä»·æ ¼ï¼š0.0256  æ•°é‡ï¼š724.5100

2018/11/14 11:17:39.473 [I] [ZGTrade.go:46]  ZGæŒ‚å•æˆåŠŸ
2018/11/14 11:17:39.475 [I] [server.go:12]  MT_CNT ZTæŒ‚å•ä»·æ ¼ï¼š0.0264  æ•°é‡ï¼š5984.0000

2018/11/14 11:17:50.175 [I] [ZGTrade.go:46]  ZGæŒ‚å•æˆåŠŸ
2018/11/14 11:17:50.175 [I] [server.go:12]  MT_CNT ZTæŒ‚å•ä»·æ ¼ï¼š0.0264  æ•°é‡ï¼š518.7400

2018/11/14 11:18:27.820 [I] [ZGTrade.go:46]  ZGæŒ‚å•æˆåŠŸ
2018/11/14 11:18:27.822 [I] [server.go:12]  MT_CNT ZTæŒ‚å•ä»·æ ¼ï¼š0.0262  æ•°é‡ï¼š387.2000

2018/11/14 11:18:39.022 [I] [ZGTrade.go:46]  ZGæŒ‚å•æˆåŠŸ
2018/11/14 11:18:39.022 [I] [server.go:12]  MT_CNT ZTæŒ‚å•ä»·æ ¼ï¼š0.0265  æ•°é‡ï¼š3578.0000

2018/11/14 11:18:59.106 [I] [ZGTrade.go:46]  ZGæŒ‚å•æˆåŠŸ
2018/11/14 11:18:59.110 [I] [server.go:12]  MT_CNT ZTæŒ‚å•ä»·æ ¼ï¼š0.0264  æ•°é‡ï¼š520.5000

2018/11/14 11:19:40.689 [I] [ZGTrade.go:46]  ZGæŒ‚å•æˆåŠŸ
2018/11/14 11:19:40.689 [I] [server.go:12]  MT_CNT ZTæŒ‚å•ä»·æ ¼ï¼š0.0264  æ•°é‡ï¼š5201.0000

2018/11/14 11:19:42.311 [I] [ZGTrade.go:46]  ZGæŒ‚å•æˆåŠŸ
2018/11/14 11:19:42.313 [I] [server.go:12]  MT_CNT ZTæŒ‚å•ä»·æ ¼ï¼š0.0266  æ•°é‡ï¼š521.1700

2018/11/14 11:19:56.313 [I] [ZGTrade.go:46]  ZGæŒ‚å•æˆåŠŸ
2018/11/14 11:19:56.313 [I] [server.go:12]  MT_CNT ZTæŒ‚å•ä»·æ ¼ï¼š0.0265  æ•°é‡ï¼š520.9700

2018/11/14 11:19:57.016 [I] [ZGDataHandle.go:83]  dealIds: [1708783 1708783]
2018/11/14 11:20:14.125 [I] [ZGTrade.go:46]  ZGæŒ‚å•æˆåŠŸ
2018/11/14 11:20:14.126 [I] [server.go:12]  MT_CNT ZTæŒ‚å•ä»·æ ¼ï¼š0.0264  æ•°é‡ï¼š520.9700

2018/11/14 11:20:46.002 [I] [ZGTrade.go:46]  ZGæŒ‚å•æˆåŠŸ
2018/11/14 11:20:46.003 [I] [server.go:12]  MT_CNT ZTæŒ‚å•ä»·æ ¼ï¼š0.0264  æ•°é‡ï¼š101.7800

2018/11/14 11:20:56.168 [I] [ZGTrade.go:46]  ZGæŒ‚å•æˆåŠŸ
2018/11/14 11:20:56.170 [I] [server.go:12]  MT_CNT ZTæŒ‚å•ä»·æ ¼ï¼š0.0256  æ•°é‡ï¼š7293.0000

2018/11/14 11:21:05.990 [I] [ZGTrade.go:46]  ZGæŒ‚å•æˆåŠŸ
2018/11/14 11:21:05.990 [I] [server.go:12]  MT_CNT ZTæŒ‚å•ä»·æ ¼ï¼š0.0261  æ•°é‡ï¼š519.5100

2018/11/14 11:21:07.666 [I] [ZGDataHandle.go:83]  dealIds: [1708838 1708838]
2018/11/14 11:21:24.982 [I] [ZGTrade.go:46]  ZGæŒ‚å•æˆåŠŸ
2018/11/14 11:21:24.982 [I] [server.go:12]  MT_CNT ZTæŒ‚å•ä»·æ ¼ï¼š0.0262  æ•°é‡ï¼š520.2400

2018/11/14 11:22:03.665 [I] [ZGTrade.go:46]  ZGæŒ‚å•æˆåŠŸ
2018/11/14 11:22:03.666 [I] [server.go:12]  MT_CNT ZTæŒ‚å•ä»·æ ¼ï¼š0.0258  æ•°é‡ï¼š521.3700

2018/11/14 11:22:10.868 [I] [ZGTrade.go:46]  ZGæŒ‚å•æˆåŠŸ
2018/11/14 11:22:10.869 [I] [server.go:12]  MT_CNT ZTæŒ‚å•ä»·æ ¼ï¼š0.0263  æ•°é‡ï¼š6906.0000

2018/11/14 11:22:21.031 [I] [ZGTrade.go:46]  ZGæŒ‚å•æˆåŠŸ
2018/11/14 11:22:21.031 [I] [server.go:12]  MT_CNT ZTæŒ‚å•ä»·æ ¼ï¼š0.0264  æ•°é‡ï¼š522.0500

2018/11/14 11:22:26.429 [I] [ZGTrade.go:46]  ZGæŒ‚å•æˆåŠŸ
2018/11/14 11:22:26.431 [I] [server.go:12]  MT_CNT ZTæŒ‚å•ä»·æ ¼ï¼š0.0264  æ•°é‡ï¼š324.2200

2018/11/14 11:22:36.298 [I] [ZGTrade.go:46]  ZGæŒ‚å•æˆåŠŸ
2018/11/14 11:22:36.299 [I] [server.go:12]  MT_CNT ZTæŒ‚å•ä»·æ ¼ï¼š0.0264  æ•°é‡ï¼š1.1000

2018/11/14 11:22:53.983 [I] [ZGTrade.go:46]  ZGæŒ‚å•æˆåŠŸ
2018/11/14 11:22:53.983 [I] [server.go:12]  MT_CNT ZTæŒ‚å•ä»·æ ¼ï¼š0.0261  æ•°é‡ï¼š1.2000

2018/11/14 11:23:06.780 [I] [ZGTrade.go:46]  ZGæŒ‚å•æˆåŠŸ
2018/11/14 11:23:06.780 [I] [server.go:12]  MT_CNT ZTæŒ‚å•ä»·æ ¼ï¼š0.0263  æ•°é‡ï¼š7349.0000

2018/11/14 11:23:15.767 [I] [ZGTrade.go:46]  ZGæŒ‚å•æˆåŠŸ
2018/11/14 11:23:15.768 [I] [server.go:12]  MT_CNT ZTæŒ‚å•ä»·æ ¼ï¼š0.0261  æ•°é‡ï¼š522.2300

2018/11/14 11:23:17.078 [I] [ZGDataHandle.go:83]  dealIds: [1708939 1708939]
2018/11/14 11:24:07.781 [I] [ZGTrade.go:46]  ZGæŒ‚å•æˆåŠŸ
2018/11/14 11:24:07.782 [I] [server.go:12]  MT_CNT ZTæŒ‚å•ä»·æ ¼ï¼š0.0261  æ•°é‡ï¼š4046.0000

2018/11/14 11:24:22.748 [I] [ZGTrade.go:46]  ZGæŒ‚å•æˆåŠŸ
2018/11/14 11:24:22.749 [I] [server.go:12]  MT_CNT ZTæŒ‚å•ä»·æ ¼ï¼š0.0261  æ•°é‡ï¼š523.4600

2018/11/14 11:24:24.123 [I] [ZGDataHandle.go:83]  dealIds: [1708987 1708987]
2018/11/14 11:24:30.019 [I] [ZGTrade.go:46]  ZGæŒ‚å•æˆåŠŸ
2018/11/14 11:24:30.019 [I] [server.go:12]  MT_CNT ZTæŒ‚å•ä»·æ ¼ï¼š0.0264  æ•°é‡ï¼š523.4600

2018/11/14 11:24:43.000 [I] [ZGTrade.go:46]  ZGæŒ‚å•æˆåŠŸ
2018/11/14 11:24:43.002 [I] [server.go:12]  MT_CNT ZTæŒ‚å•ä»·æ ¼ï¼š0.0261  æ•°é‡ï¼š103.0600

2018/11/14 11:24:43.266 [I] [ZGDataHandle.go:83]  dealIds: [1709006 1709006]
2018/11/14 11:24:54.634 [I] [ZGTrade.go:46]  ZGæŒ‚å•æˆåŠŸ
2018/11/14 11:24:54.634 [I] [server.go:12]  MT_CNT ZTæŒ‚å•ä»·æ ¼ï¼š0.0261  æ•°é‡ï¼š206.5300

2018/11/14 11:24:54.783 [I] [ZGDataHandle.go:83]  dealIds: [1709014 1709014]
2018/11/14 11:25:09.821 [I] [ZGTrade.go:46]  ZGæŒ‚å•æˆåŠŸ
2018/11/14 11:25:09.821 [I] [server.go:12]  MT_CNT ZTæŒ‚å•ä»·æ ¼ï¼š0.0270  æ•°é‡ï¼š2835.1000

2018/11/14 11:25:10.255 [I] [ZGTrade.go:46]  ZGæŒ‚å•æˆåŠŸ
2018/11/14 11:25:10.255 [I] [server.go:12]  MT_CNT ZTæŒ‚å•ä»·æ ¼ï¼š0.0253  æ•°é‡ï¼š7320.0000

2018/11/14 11:25:26.388 [I] [ZGTrade.go:46]  ZGæŒ‚å•æˆåŠŸ
2018/11/14 11:25:26.389 [I] [server.go:12]  MT_CNT ZTæŒ‚å•ä»·æ ¼ï¼š0.0257  æ•°é‡ï¼š523.5000

2018/11/14 11:25:54.158 [I] [ZGTrade.go:46]  ZGæŒ‚å•æˆåŠŸ
2018/11/14 11:25:54.158 [I] [server.go:12]  MT_CNT ZTæŒ‚å•ä»·æ ¼ï¼š0.0264  æ•°é‡ï¼š524.2000

2018/11/14 11:26:16.597 [I] [ZGTrade.go:46]  ZGæŒ‚å•æˆåŠŸ
2018/11/14 11:26:16.599 [I] [server.go:12]  MT_CNT ZTæŒ‚å•ä»·æ ¼ï¼š0.0259  æ•°é‡ï¼š7266.0000

2018/11/14 11:26:32.649 [I] [ZGTrade.go:46]  ZGæŒ‚å•æˆåŠŸ
2018/11/14 11:26:32.650 [I] [server.go:12]  MT_CNT ZTæŒ‚å•ä»·æ ¼ï¼š0.0264  æ•°é‡ï¼š524.0400

2018/11/14 11:27:00.241 [I] [ZGTrade.go:46]  ZGæŒ‚å•æˆåŠŸ
2018/11/14 11:27:00.241 [I] [server.go:12]  MT_CNT ZTæŒ‚å•ä»·æ ¼ï¼š0.0260  æ•°é‡ï¼š524.0900

2018/11/14 11:27:34.631 [I] [ZGTrade.go:46]  ZGæŒ‚å•æˆåŠŸ
2018/11/14 11:27:34.631 [I] [server.go:12]  MT_CNT ZTæŒ‚å•ä»·æ ¼ï¼š0.0264  æ•°é‡ï¼š4826.0000

2018/11/14 11:28:06.086 [I] [ZGTrade.go:46]  ZGæŒ‚å•æˆåŠŸ
2018/11/14 11:28:06.087 [I] [server.go:12]  MT_CNT ZTæŒ‚å•ä»·æ ¼ï¼š0.0266  æ•°é‡ï¼š530.3000

2018/11/14 11:28:36.551 [I] [ZGTrade.go:46]  ZGæŒ‚å•æˆåŠŸ
2018/11/14 11:28:36.553 [I] [server.go:12]  MT_CNT ZTæŒ‚å•ä»·æ ¼ï¼š0.0269  æ•°é‡ï¼š453.4600

2018/11/14 11:28:37.254 [I] [ZGTrade.go:46]  ZGæŒ‚å•æˆåŠŸ
2018/11/14 11:28:37.255 [I] [server.go:12]  MT_CNT ZTæŒ‚å•ä»·æ ¼ï¼š0.0257  æ•°é‡ï¼š532.4400

2018/11/14 11:28:46.183 [I] [ZGTrade.go:46]  ZGæŒ‚å•æˆåŠŸ
2018/11/14 11:28:46.184 [I] [server.go:12]  MT_CNT ZTæŒ‚å•ä»·æ ¼ï¼š0.0261  æ•°é‡ï¼š38.7100

2018/11/14 11:28:52.609 [I] [ZGTrade.go:46]  ZGæŒ‚å•æˆåŠŸ
2018/11/14 11:28:52.610 [I] [server.go:12]  MT_CNT ZTæŒ‚å•ä»·æ ¼ï¼š0.0263  æ•°é‡ï¼š4175.0000

2018/11/14 11:29:14.257 [I] [ZGTrade.go:46]  ZGæŒ‚å•æˆåŠŸ
2018/11/14 11:29:14.258 [I] [server.go:12]  MT_CNT ZTæŒ‚å•ä»·æ ¼ï¼š0.0265  æ•°é‡ï¼š533.3300

2018/11/14 11:29:51.715 [I] [ZGTrade.go:46]  ZGæŒ‚å•æˆåŠŸ
2018/11/14 11:29:51.715 [I] [server.go:12]  MT_CNT ZTæŒ‚å•ä»·æ ¼ï¼š0.0261  æ•°é‡ï¼š5586.0000

2018/11/14 11:29:55.087 [I] [ZGTrade.go:46]  ZGæŒ‚å•æˆåŠŸ
2018/11/14 11:29:55.088 [I] [server.go:12]  MT_CNT ZTæŒ‚å•ä»·æ ¼ï¼š0.0264  æ•°é‡ï¼š534.2200

2018/11/14 11:30:02.657 [I] [ZGTrade.go:46]  ZGæŒ‚å•æˆåŠŸ
2018/11/14 11:30:02.658 [I] [server.go:12]  MT_CNT ZTæŒ‚å•ä»·æ ¼ï¼š0.0262  æ•°é‡ï¼š534.2200

2018/11/14 11:30:02.899 [I] [ZGDataHandle.go:83]  dealIds: [1709215 1709215]
2018/11/14 11:30:08.855 [I] [ZGTrade.go:46]  ZGæŒ‚å•æˆåŠŸ
2018/11/14 11:30:08.856 [I] [server.go:12]  MT_CNT ZTæŒ‚å•ä»·æ ¼ï¼š0.0269  æ•°é‡ï¼š534.2200

2018/11/14 11:30:41.880 [I] [ZGTrade.go:46]  ZGæŒ‚å•æˆåŠŸ
2018/11/14 11:30:41.880 [I] [server.go:12]  MT_CNT ZTæŒ‚å•ä»·æ ¼ï¼š0.0263  æ•°é‡ï¼š532.8500

2018/11/14 11:30:56.608 [I] [ZGTrade.go:46]  ZGæŒ‚å•æˆåŠŸ
2018/11/14 11:30:56.609 [I] [server.go:12]  MT_CNT ZTæŒ‚å•ä»·æ ¼ï¼š0.0255  æ•°é‡ï¼š4809.0000

